TN:
SF:lib/api/custom-element-register.ts
FN:3,registerCustomElement
FNF:1
FNH:1
FNDA:86,registerCustomElement
DA:1,75
DA:2,75
DA:3,75
DA:4,86
DA:5,86
DA:6,86
DA:7,86
LF:7
LH:7
BRDA:3,0,0,86
BRF:1
BRH:1
end_of_record
TN:
SF:lib/api/custom-element-scope.ts
FN:4,setCustomElementSuffix
FN:8,getCustomElementSuffix
FNF:2
FNH:2
FNDA:9,setCustomElementSuffix
FNDA:380,getCustomElementSuffix
DA:1,77
DA:2,77
DA:3,77
DA:4,77
DA:5,9
DA:6,9
DA:7,77
DA:8,77
DA:9,380
DA:10,380
LF:10
LH:10
BRDA:4,0,0,9
BRDA:8,1,0,380
BRF:2
BRH:2
end_of_record
TN:
SF:lib/api/marker/marker.ts
FN:3,highlightText
FN:29,highlightTextMultiple
FNF:2
FNH:2
FNDA:161,highlightText
FNDA:5,highlightTextMultiple
DA:1,5
DA:2,5
DA:3,5
DA:4,161
DA:5,11
DA:6,11
DA:7,11
DA:8,11
DA:9,161
DA:10,10
DA:11,10
DA:12,10
DA:13,10
DA:14,10
DA:15,10
DA:16,119
DA:17,9
DA:18,9
DA:19,9
DA:20,9
DA:21,9
DA:22,9
DA:23,9
DA:24,10
DA:25,10
DA:26,10
DA:27,10
DA:28,5
DA:29,5
DA:30,5
DA:31,4
DA:32,4
DA:33,4
DA:34,4
DA:35,4
DA:36,4
DA:37,4
DA:38,5
DA:39,4
DA:40,4
DA:41,4
DA:42,4
DA:43,5
DA:44,13
DA:45,13
DA:46,13
DA:47,13
DA:48,21
DA:49,21
DA:50,21
DA:51,6
DA:52,6
DA:53,6
DA:54,6
DA:55,6
DA:56,21
DA:57,13
DA:58,13
DA:59,5
DA:60,5
DA:61,12
DA:62,8
DA:63,8
DA:64,8
DA:65,13
DA:66,4
DA:67,4
DA:68,4
LF:68
LH:68
BRDA:3,0,0,161
BRDA:4,1,0,150
BRDA:4,2,0,11
BRDA:9,3,0,1
BRDA:9,4,0,10
BRDA:16,5,0,9
BRDA:23,6,0,10
BRDA:29,7,0,5
BRDA:30,8,0,1
BRDA:30,9,0,4
BRDA:38,10,0,0
BRDA:38,11,0,4
BRDA:43,12,0,13
BRDA:47,13,0,21
BRDA:48,14,0,0
BRDA:50,15,0,6
BRDA:58,16,0,5
BRDA:61,17,0,8
BRDA:65,18,0,4
BRDA:35,19,0,7
BRDA:36,20,0,7
BRDA:9,21,0,139
BRDA:9,22,0,119
BRDA:58,23,0,12
BRF:24
BRH:22
end_of_record
TN:
SF:lib/api/portal-manager/portal-manager.ts
FN:1,getPortalContainer
FNF:1
FNH:1
FNDA:413,getPortalContainer
DA:1,12
DA:2,413
DA:3,413
DA:4,413
DA:5,12
DA:6,12
DA:7,12
DA:8,12
DA:9,12
DA:10,12
DA:11,12
DA:12,12
DA:13,12
DA:14,12
DA:15,12
DA:16,12
DA:17,12
DA:18,413
DA:19,413
DA:20,413
LF:20
LH:20
BRDA:1,0,0,413
BRDA:4,1,0,12
BRF:2
BRH:2
end_of_record
TN:
SF:lib/collections/accordion/accordion.template.ts
FN:16,template
FNF:1
FNH:1
FNDA:113,template
DA:1,1
DA:2,1
DA:3,1
DA:4,1
DA:5,1
DA:6,1
DA:7,1
DA:8,1
DA:9,1
DA:10,1
DA:11,1
DA:12,1
DA:13,1
DA:14,1
DA:15,1
DA:16,1
DA:17,113
DA:18,113
DA:19,113
DA:20,113
DA:21,113
DA:22,113
DA:23,113
DA:24,113
DA:25,113
DA:26,113
DA:27,113
DA:28,113
DA:29,113
DA:30,113
DA:31,113
DA:32,113
DA:33,113
DA:34,2
DA:35,2
DA:36,111
DA:37,111
DA:38,113
DA:39,113
DA:40,113
DA:41,5
DA:42,5
DA:43,5
DA:44,5
DA:45,5
DA:46,108
DA:47,108
DA:48,108
DA:49,108
DA:50,108
DA:51,108
DA:52,108
DA:53,108
DA:54,108
DA:55,108
DA:56,108
DA:57,108
DA:58,108
DA:59,113
DA:60,113
DA:61,113
DA:62,113
DA:63,113
DA:64,113
DA:65,113
DA:66,113
DA:67,113
DA:68,113
DA:69,113
DA:70,113
DA:71,113
DA:72,1
DA:73,112
DA:74,113
DA:75,113
DA:76,113
DA:77,113
DA:78,0
DA:79,0
DA:80,0
DA:81,0
DA:82,0
DA:83,0
DA:84,0
DA:85,0
DA:86,0
DA:87,113
DA:88,113
DA:89,113
DA:90,113
DA:91,113
DA:92,113
DA:93,2
DA:94,2
DA:95,2
DA:96,2
DA:97,2
DA:98,2
DA:99,2
DA:100,2
DA:101,111
DA:102,111
DA:103,113
DA:104,113
DA:105,113
DA:106,113
DA:107,1
DA:108,1
DA:109,1
DA:110,1
DA:111,1
DA:112,1
DA:113,1
DA:114,1
DA:115,112
DA:116,112
DA:117,113
DA:118,113
DA:119,113
DA:120,113
DA:121,1
DA:122,1
DA:123,1
DA:124,1
DA:125,1
DA:126,1
DA:127,1
DA:128,1
DA:129,1
DA:130,1
DA:131,1
DA:132,112
DA:133,112
DA:134,113
DA:135,113
DA:136,113
DA:137,113
DA:138,1
DA:139,1
DA:140,1
DA:141,1
DA:142,1
DA:143,1
DA:144,112
DA:145,112
DA:146,113
DA:147,113
DA:148,113
DA:149,113
DA:150,113
DA:151,113
DA:152,112
DA:153,111
DA:154,110
DA:155,109
DA:156,107
DA:157,6
DA:158,107
DA:159,107
DA:160,107
DA:161,113
DA:162,113
DA:163,113
DA:164,113
DA:165,113
DA:166,113
DA:167,113
DA:168,2
DA:169,2
DA:170,2
DA:171,2
DA:172,2
DA:173,2
DA:174,2
DA:175,2
DA:176,2
DA:177,2
DA:178,2
DA:179,111
DA:180,111
DA:181,113
DA:182,113
DA:183,113
DA:184,113
DA:185,2
DA:186,2
DA:187,2
DA:188,2
DA:189,2
DA:190,2
DA:191,2
DA:192,2
DA:193,2
DA:194,2
DA:195,2
DA:196,111
DA:197,111
DA:198,113
DA:199,113
DA:200,113
DA:201,113
DA:202,1
DA:203,1
DA:204,1
DA:205,1
DA:206,1
DA:207,1
DA:208,1
DA:209,1
DA:210,1
DA:211,1
DA:212,112
DA:213,112
DA:214,113
DA:215,113
DA:216,113
DA:217,1
DA:218,1
DA:219,1
DA:220,1
DA:221,1
DA:222,1
DA:223,1
DA:224,1
DA:225,1
DA:226,1
DA:227,112
DA:228,112
DA:229,113
DA:230,113
DA:231,113
DA:232,113
DA:233,113
DA:234,113
DA:235,113
DA:236,113
DA:237,113
DA:238,113
DA:239,113
DA:240,113
DA:241,113
DA:242,113
DA:243,113
DA:244,113
DA:245,113
DA:246,113
DA:247,113
DA:248,113
DA:249,113
DA:250,113
LF:250
LH:241
BRDA:16,0,0,113
BRDA:33,1,0,2
BRDA:35,2,0,111
BRDA:40,3,0,5
BRDA:45,4,0,108
BRDA:55,5,0,2
BRDA:55,6,0,106
BRDA:57,7,0,2
BRDA:57,8,0,106
BRDA:71,9,0,1
BRDA:72,10,0,112
BRDA:77,11,0,0
BRDA:92,12,0,2
BRDA:100,13,0,111
BRDA:106,14,0,1
BRDA:114,15,0,112
BRDA:120,16,0,1
BRDA:131,17,0,112
BRDA:137,18,0,1
BRDA:143,19,0,112
BRDA:151,20,0,112
BRDA:152,21,0,111
BRDA:153,22,0,110
BRDA:154,23,0,109
BRDA:155,24,0,107
BRDA:156,25,0,6
BRDA:157,26,0,107
BRDA:167,27,0,2
BRDA:178,28,0,111
BRDA:184,29,0,2
BRDA:195,30,0,111
BRDA:201,31,0,1
BRDA:211,32,0,112
BRDA:216,33,0,1
BRDA:226,34,0,112
BRDA:231,35,0,4
BRDA:231,36,0,109
BRDA:235,37,0,4
BRDA:235,38,0,109
BRF:39
BRH:38
end_of_record
TN:
SF:lib/collections/accordion/accordion.ts
FN:8,Accordion
FN:24,set infoBadgeState
FN:28,get infoBadgeState
FN:54,get _checkbox
FN:79,set resultsText
FN:83,get resultsText
FN:100,set resultsState
FN:104,get resultsState
FN:113,set notificationsState
FN:117,get notificationsState
FN:144,set widgetBadgeState
FN:148,get widgetBadgeState
FN:153,set widgetBadgeText
FN:157,get widgetBadgeText
FN:161,_toggleAccordion
FN:167,_dispatchCheckboxChange
FN:176,_dispatchSecondaryAction
FN:185,_dispatchPrimaryAction
FN:189,_dispatchToggleAccordion
FN:198,_dispatchWidgetNext
FN:207,_dispatchWidgetClose
FN:216,render
FNF:22
FNH:22
FNDA:61,Accordion
FNDA:1,set infoBadgeState
FNDA:64,get infoBadgeState
FNDA:2,get _checkbox
FNDA:1,set resultsText
FNDA:64,get resultsText
FNDA:1,set resultsState
FNDA:64,get resultsState
FNDA:1,set notificationsState
FNDA:64,get notificationsState
FNDA:1,set widgetBadgeState
FNDA:64,get widgetBadgeState
FNDA:1,set widgetBadgeText
FNDA:65,get widgetBadgeText
FNDA:4,_toggleAccordion
FNDA:2,_dispatchCheckboxChange
FNDA:1,_dispatchSecondaryAction
FNDA:1,_dispatchPrimaryAction
FNDA:4,_dispatchToggleAccordion
FNDA:1,_dispatchWidgetNext
FNDA:1,_dispatchWidgetClose
FNDA:113,render
DA:1,1
DA:2,1
DA:3,1
DA:4,1
DA:5,1
DA:6,1
DA:7,1
DA:8,1
DA:9,61
DA:10,61
DA:11,61
DA:12,61
DA:13,61
DA:14,61
DA:15,61
DA:16,61
DA:17,61
DA:18,61
DA:19,61
DA:20,61
DA:21,61
DA:22,61
DA:23,61
DA:24,61
DA:25,1
DA:26,1
DA:27,61
DA:28,61
DA:29,64
DA:30,64
DA:31,61
DA:32,61
DA:33,61
DA:34,61
DA:35,61
DA:36,61
DA:37,61
DA:38,61
DA:39,61
DA:40,61
DA:41,61
DA:42,61
DA:43,61
DA:44,61
DA:45,61
DA:46,61
DA:47,61
DA:48,61
DA:49,61
DA:50,61
DA:51,61
DA:52,61
DA:53,61
DA:54,61
DA:55,2
DA:56,2
DA:57,2
DA:58,2
DA:59,61
DA:60,61
DA:61,61
DA:62,61
DA:63,61
DA:64,61
DA:65,61
DA:66,61
DA:67,61
DA:68,61
DA:69,61
DA:70,61
DA:71,61
DA:72,61
DA:73,61
DA:74,61
DA:75,61
DA:76,61
DA:77,61
DA:78,61
DA:79,61
DA:80,1
DA:81,1
DA:82,61
DA:83,61
DA:84,64
DA:85,64
DA:86,61
DA:87,61
DA:88,61
DA:89,61
DA:90,61
DA:91,61
DA:92,61
DA:93,61
DA:94,61
DA:95,61
DA:96,61
DA:97,61
DA:98,61
DA:99,61
DA:100,61
DA:101,1
DA:102,1
DA:103,61
DA:104,61
DA:105,64
DA:106,64
DA:107,61
DA:108,61
DA:109,61
DA:110,61
DA:111,61
DA:112,61
DA:113,61
DA:114,1
DA:115,1
DA:116,61
DA:117,61
DA:118,64
DA:119,64
DA:120,61
DA:121,61
DA:122,61
DA:123,61
DA:124,61
DA:125,61
DA:126,61
DA:127,61
DA:128,61
DA:129,61
DA:130,61
DA:131,61
DA:132,61
DA:133,61
DA:134,61
DA:135,61
DA:136,61
DA:137,61
DA:138,61
DA:139,61
DA:140,61
DA:141,61
DA:142,1
DA:143,1
DA:144,1
DA:145,1
DA:146,1
DA:147,1
DA:148,1
DA:149,64
DA:150,64
DA:151,1
DA:152,1
DA:153,1
DA:154,1
DA:155,1
DA:156,1
DA:157,1
DA:158,65
DA:159,65
DA:160,1
DA:161,1
DA:162,4
DA:163,4
DA:164,4
DA:165,4
DA:166,1
DA:167,1
DA:168,2
DA:169,2
DA:170,2
DA:171,2
DA:172,2
DA:173,2
DA:174,2
DA:175,1
DA:176,1
DA:177,1
DA:178,1
DA:179,1
DA:180,1
DA:181,1
DA:182,1
DA:183,1
DA:184,1
DA:185,1
DA:186,1
DA:187,1
DA:188,1
DA:189,1
DA:190,4
DA:191,4
DA:192,4
DA:193,4
DA:194,4
DA:195,4
DA:196,4
DA:197,1
DA:198,1
DA:199,1
DA:200,1
DA:201,1
DA:202,1
DA:203,1
DA:204,1
DA:205,1
DA:206,1
DA:207,1
DA:208,1
DA:209,1
DA:210,1
DA:211,1
DA:212,1
DA:213,1
DA:214,1
DA:215,1
DA:216,1
DA:217,113
DA:218,113
DA:219,1
LF:219
LH:219
BRDA:8,0,0,61
BRDA:24,1,0,1
BRDA:28,2,0,64
BRDA:54,3,0,2
BRDA:55,4,0,0
BRDA:79,5,0,1
BRDA:83,6,0,64
BRDA:100,7,0,1
BRDA:104,8,0,64
BRDA:113,9,0,1
BRDA:117,10,0,64
BRDA:144,11,0,1
BRDA:148,12,0,64
BRDA:153,13,0,1
BRDA:157,14,0,65
BRDA:158,15,0,63
BRDA:161,16,0,4
BRDA:167,17,0,2
BRDA:176,18,0,1
BRDA:185,19,0,1
BRDA:189,20,0,4
BRDA:198,21,0,1
BRDA:207,22,0,1
BRDA:216,23,0,113
BRF:24
BRH:23
end_of_record
TN:
SF:lib/collections/action-menu/action-menu.template.ts
FN:5,actionMenuTemplate
FNF:1
FNH:1
FNDA:67,actionMenuTemplate
DA:1,2
DA:2,2
DA:3,2
DA:4,2
DA:5,2
DA:6,67
DA:7,67
DA:8,67
DA:9,67
DA:10,67
DA:11,67
DA:12,67
DA:13,67
DA:14,67
DA:15,67
DA:16,67
DA:17,67
DA:18,67
LF:18
LH:18
BRDA:5,0,0,67
BRF:1
BRH:1
end_of_record
TN:
SF:lib/collections/action-menu/action-menu.ts
FN:19,ActionMenu
FN:70,ActionMenu.visibleObserver.IntersectionObserver.root
FN:25,connectedCallback
FN:31,disconnectedCallback
FN:39,_addDropdownListener
FN:44,_removeDropdownListener
FN:49,_handleOutsideClick
FN:53,_handleFocusOut
FN:57,_handleConnectedCallback
FN:111,_createFloatingInstance
FN:122,_parentMouseDownHandler
FN:123,_parentKeyDownHandler
FN:134,_updateFloatingPosition
FN:157,_openByParent
FN:169,_handleCloseAllMenus
FN:173,_handleSlotChange
FN:194,_checkClickOutside
FN:230,_checkFocusOut
FN:241,_closeMenu
FN:252,_initActionMenu
FN:268,_slotChangeHandler
FN:274,firstUpdated
FN:280,updated
FN:303,render
FNF:24
FNH:22
FNDA:52,ActionMenu
FNDA:0,ActionMenu.visibleObserver.IntersectionObserver.root
FNDA:51,connectedCallback
FNDA:51,disconnectedCallback
FNDA:9,_addDropdownListener
FNDA:112,_removeDropdownListener
FNDA:6,_handleOutsideClick
FNDA:1,_handleFocusOut
FNDA:55,_handleConnectedCallback
FNDA:55,_createFloatingInstance
FNDA:1,_parentMouseDownHandler
FNDA:3,_parentKeyDownHandler
FNDA:119,_updateFloatingPosition
FNDA:3,_openByParent
FNDA:1,_handleCloseAllMenus
FNDA:52,_handleSlotChange
FNDA:9,_checkClickOutside
FNDA:3,_checkFocusOut
FNDA:13,_closeMenu
FNDA:52,_initActionMenu
FNDA:0,_slotChangeHandler
FNDA:51,firstUpdated
FNDA:67,updated
FNDA:67,render
DA:1,2
DA:2,2
DA:3,2
DA:4,2
DA:5,2
DA:6,2
DA:7,2
DA:8,2
DA:9,2
DA:10,2
DA:11,2
DA:12,2
DA:13,2
DA:14,2
DA:15,2
DA:16,2
DA:17,2
DA:18,2
DA:19,2
DA:20,52
DA:21,52
DA:22,52
DA:23,52
DA:24,2
DA:25,2
DA:26,51
DA:27,51
DA:28,51
DA:29,51
DA:30,2
DA:31,2
DA:32,51
DA:33,51
DA:34,51
DA:35,51
DA:36,51
DA:37,51
DA:38,2
DA:39,2
DA:40,9
DA:41,9
DA:42,9
DA:43,2
DA:44,2
DA:45,112
DA:46,112
DA:47,112
DA:48,2
DA:49,2
DA:50,6
DA:51,6
DA:52,2
DA:53,2
DA:54,1
DA:55,1
DA:56,2
DA:57,2
DA:58,55
DA:59,3
DA:60,55
DA:61,1
DA:62,0
DA:63,1
DA:64,1
DA:65,1
DA:66,1
DA:67,55
DA:68,2
DA:69,2
DA:70,2
DA:71,0
DA:72,0
DA:73,0
DA:74,0
DA:75,0
DA:76,0
DA:77,2
DA:78,2
DA:79,2
DA:80,2
DA:81,2
DA:82,2
DA:83,2
DA:84,2
DA:85,2
DA:86,2
DA:87,2
DA:88,2
DA:89,2
DA:90,2
DA:91,2
DA:92,2
DA:93,2
DA:94,2
DA:95,2
DA:96,2
DA:97,2
DA:98,2
DA:99,2
DA:100,2
DA:101,2
DA:102,2
DA:103,2
DA:104,2
DA:105,2
DA:106,2
DA:107,2
DA:108,2
DA:109,2
DA:110,2
DA:111,2
DA:112,55
DA:113,55
DA:114,55
DA:115,55
DA:116,55
DA:117,55
DA:118,55
DA:119,55
DA:120,55
DA:121,55
DA:122,55
DA:123,55
DA:124,3
DA:125,3
DA:126,2
DA:127,2
DA:128,3
DA:129,55
DA:130,55
DA:131,55
DA:132,55
DA:133,2
DA:134,2
DA:135,119
DA:136,68
DA:137,68
DA:138,68
DA:139,119
DA:140,119
DA:141,119
DA:142,119
DA:143,119
DA:144,119
DA:145,119
DA:146,119
DA:147,119
DA:148,68
DA:149,68
DA:150,68
DA:151,68
DA:152,68
DA:153,68
DA:154,68
DA:155,119
DA:156,2
DA:157,2
DA:158,3
DA:159,3
DA:160,3
DA:161,3
DA:162,3
DA:163,3
DA:164,3
DA:165,3
DA:166,3
DA:167,3
DA:168,2
DA:169,2
DA:170,1
DA:171,1
DA:172,2
DA:173,2
DA:174,52
DA:175,52
DA:176,52
DA:177,52
DA:178,52
DA:179,52
DA:180,2
DA:181,1
DA:182,1
DA:183,1
DA:184,1
DA:185,2
DA:186,1
DA:187,1
DA:188,1
DA:189,1
DA:190,52
DA:191,52
DA:192,52
DA:193,2
DA:194,2
DA:195,9
DA:196,1
DA:197,1
DA:198,8
DA:199,8
DA:200,8
DA:201,8
DA:202,8
DA:203,9
DA:204,9
DA:205,9
DA:206,0
DA:207,0
DA:208,8
DA:209,8
DA:210,8
DA:211,8
DA:212,8
DA:213,28
DA:214,18
DA:215,17
DA:216,8
DA:217,8
DA:218,9
DA:219,6
DA:220,6
DA:221,2
DA:222,2
DA:223,2
DA:224,9
DA:225,9
DA:226,0
DA:227,0
DA:228,9
DA:229,2
DA:230,2
DA:231,3
DA:232,3
DA:233,3
DA:234,2
DA:235,2
DA:236,3
DA:237,2
DA:238,2
DA:239,3
DA:240,2
DA:241,2
DA:242,13
DA:243,13
DA:244,8
DA:245,8
DA:246,8
DA:247,8
DA:248,8
DA:249,13
DA:250,13
DA:251,2
DA:252,2
DA:253,52
DA:254,52
DA:255,52
DA:256,52
DA:257,52
DA:258,51
DA:259,51
DA:260,52
DA:261,52
DA:262,1
DA:263,1
DA:264,1
DA:265,52
DA:266,52
DA:267,52
DA:268,52
DA:269,52
DA:270,52
DA:271,52
DA:272,52
DA:273,2
DA:274,2
DA:275,51
DA:276,51
DA:277,51
DA:278,51
DA:279,2
DA:280,2
DA:281,67
DA:282,67
DA:283,56
DA:284,56
DA:285,67
DA:286,58
DA:287,5
DA:288,5
DA:289,5
DA:290,5
DA:291,5
DA:292,5
DA:293,5
DA:294,58
DA:295,53
DA:296,53
DA:297,53
DA:298,53
DA:299,53
DA:300,58
DA:301,67
DA:302,2
DA:303,2
DA:304,67
DA:305,67
DA:306,2
LF:306
LH:295
BRDA:19,0,0,52
BRDA:25,1,0,51
BRDA:31,2,0,51
BRDA:35,3,0,50
BRDA:39,4,0,9
BRDA:44,5,0,112
BRDA:49,6,0,6
BRDA:53,7,0,1
BRDA:57,8,0,55
BRDA:58,9,0,51
BRDA:58,10,0,3
BRDA:60,11,0,1
BRDA:60,12,0,1
BRDA:60,13,0,1
BRDA:61,14,0,0
BRDA:111,15,0,55
BRDA:116,16,0,5
BRDA:118,17,0,55
BRDA:122,18,0,2
BRDA:123,19,0,4
BRDA:125,20,0,3
BRDA:125,21,0,3
BRDA:134,22,0,119
BRDA:135,23,0,68
BRDA:135,24,0,51
BRDA:135,25,0,68
BRDA:139,26,0,2
BRDA:139,27,0,66
BRDA:147,28,0,68
BRDA:157,29,0,3
BRDA:159,30,0,3
BRDA:169,31,0,1
BRDA:173,32,0,52
BRDA:178,33,0,3
BRDA:179,34,0,3
BRDA:180,35,0,2
BRDA:185,36,0,2
BRDA:194,37,0,9
BRDA:195,38,0,1
BRDA:195,39,0,1
BRDA:197,40,0,8
BRDA:203,41,0,0
BRDA:205,42,0,0
BRDA:205,43,0,0
BRDA:207,44,0,8
BRDA:218,45,0,7
BRDA:218,46,0,7
BRDA:218,47,0,6
BRDA:220,48,0,2
BRDA:225,49,0,0
BRDA:225,50,0,0
BRDA:212,51,0,28
BRDA:213,52,0,18
BRDA:214,53,0,17
BRDA:215,54,0,0
BRDA:230,55,0,3
BRDA:233,56,0,2
BRDA:234,57,0,2
BRDA:236,58,0,2
BRDA:241,59,0,13
BRDA:242,60,0,13
BRDA:243,61,0,8
BRDA:252,62,0,52
BRDA:256,63,0,1
BRDA:257,64,0,51
BRDA:261,65,0,1
BRDA:274,66,0,51
BRDA:280,67,0,67
BRDA:282,68,0,56
BRDA:285,69,0,58
BRDA:286,70,0,5
BRDA:294,71,0,53
BRDA:290,72,0,5
BRDA:303,73,0,67
BRDA:58,74,0,54
BRDA:256,75,0,51
BRF:76
BRH:69
end_of_record
TN:
SF:lib/collections/alert/alert.template.ts
FN:12,alertTemplate
FNF:1
FNH:1
FNDA:72,alertTemplate
DA:1,1
DA:2,1
DA:3,1
DA:4,1
DA:5,1
DA:6,1
DA:7,1
DA:8,1
DA:9,1
DA:10,1
DA:11,1
DA:12,1
DA:13,72
DA:14,72
DA:15,72
DA:16,72
DA:17,72
DA:18,72
DA:19,72
DA:20,72
DA:21,72
DA:22,72
DA:23,72
DA:24,72
DA:25,70
DA:26,70
DA:27,70
DA:28,2
DA:29,2
DA:30,2
DA:31,72
DA:32,72
DA:33,72
DA:34,72
DA:35,72
DA:36,72
DA:37,72
DA:38,72
DA:39,72
DA:40,72
DA:41,72
DA:42,3
DA:43,3
DA:44,3
DA:45,3
DA:46,3
DA:47,3
DA:48,3
DA:49,69
DA:50,69
DA:51,69
DA:52,72
DA:53,72
DA:54,72
DA:55,0
DA:56,0
DA:57,0
DA:58,0
DA:59,0
DA:60,0
DA:61,0
DA:62,0
DA:63,0
DA:64,0
DA:65,0
DA:66,72
DA:67,72
DA:68,72
DA:69,72
DA:70,72
DA:71,72
DA:72,72
DA:73,3
DA:74,3
DA:75,3
DA:76,3
DA:77,3
DA:78,3
DA:79,3
DA:80,3
DA:81,3
DA:82,3
DA:83,3
DA:84,69
DA:85,69
DA:86,69
DA:87,72
DA:88,72
DA:89,72
DA:90,2
DA:91,2
DA:92,2
DA:93,2
DA:94,2
DA:95,2
DA:96,2
DA:97,2
DA:98,70
DA:99,70
DA:100,70
DA:101,72
DA:102,1
DA:103,1
LF:103
LH:92
BRDA:12,0,0,72
BRDA:24,1,0,70
BRDA:27,2,0,2
BRDA:41,3,0,3
BRDA:48,4,0,69
BRDA:54,5,0,0
BRDA:72,6,0,3
BRDA:83,7,0,69
BRDA:89,8,0,4
BRDA:89,9,0,2
BRDA:97,10,0,70
BRF:11
BRH:10
end_of_record
TN:
SF:lib/collections/alert/alert.ts
FN:8,Alert
FN:16,set state
FN:20,get state
FN:52,_handleButtonClick
FN:56,_handleClose
FN:60,updated
FN:73,firstUpdated
FN:85,_isTextTruncated
FN:91,setStatusIcon
FN:107,_getIconSize
FN:111,toggleExpand
FN:115,render
FNF:12
FNH:12
FNDA:39,Alert
FNDA:6,set state
FNDA:107,get state
FNDA:2,_handleButtonClick
FNDA:2,_handleClose
FNDA:72,updated
FNDA:39,firstUpdated
FNDA:81,_isTextTruncated
FNDA:54,setStatusIcon
FNDA:76,_getIconSize
FNDA:2,toggleExpand
FNDA:72,render
DA:1,1
DA:2,1
DA:3,1
DA:4,1
DA:5,1
DA:6,1
DA:7,1
DA:8,1
DA:9,39
DA:10,39
DA:11,39
DA:12,39
DA:13,39
DA:14,39
DA:15,39
DA:16,39
DA:17,6
DA:18,6
DA:19,39
DA:20,39
DA:21,107
DA:22,107
DA:23,39
DA:24,39
DA:25,39
DA:26,39
DA:27,39
DA:28,39
DA:29,39
DA:30,39
DA:31,39
DA:32,39
DA:33,39
DA:34,39
DA:35,39
DA:36,39
DA:37,39
DA:38,39
DA:39,39
DA:40,39
DA:41,39
DA:42,39
DA:43,39
DA:44,39
DA:45,39
DA:46,39
DA:47,39
DA:48,39
DA:49,39
DA:50,39
DA:51,1
DA:52,1
DA:53,2
DA:54,2
DA:55,1
DA:56,1
DA:57,2
DA:58,2
DA:59,1
DA:60,1
DA:61,72
DA:62,49
DA:63,49
DA:64,49
DA:65,49
DA:66,72
DA:67,1
DA:68,1
DA:69,1
DA:70,1
DA:71,72
DA:72,1
DA:73,1
DA:74,39
DA:75,39
DA:76,39
DA:77,39
DA:78,39
DA:79,39
DA:80,39
DA:81,39
DA:82,39
DA:83,39
DA:84,1
DA:85,1
DA:86,81
DA:87,41
DA:88,41
DA:89,81
DA:90,1
DA:91,1
DA:92,54
DA:93,54
DA:94,5
DA:95,5
DA:96,54
DA:97,4
DA:98,4
DA:99,54
DA:100,3
DA:101,3
DA:102,54
DA:103,42
DA:104,54
DA:105,54
DA:106,1
DA:107,1
DA:108,76
DA:109,76
DA:110,1
DA:111,1
DA:112,2
DA:113,2
DA:114,1
DA:115,1
DA:116,72
DA:117,72
DA:118,1
LF:118
LH:118
BRDA:8,0,0,39
BRDA:16,1,0,6
BRDA:20,2,0,107
BRDA:52,3,0,2
BRDA:56,4,0,2
BRDA:60,5,0,72
BRDA:61,6,0,49
BRDA:66,7,0,1
BRDA:62,8,0,49
BRDA:67,9,0,1
BRDA:73,10,0,39
BRDA:76,11,0,39
BRDA:85,12,0,81
BRDA:86,13,0,40
BRDA:86,14,0,41
BRDA:91,15,0,54
BRDA:93,16,0,5
BRDA:96,17,0,4
BRDA:99,18,0,3
BRDA:102,19,0,42
BRDA:107,20,0,76
BRDA:108,21,0,7
BRDA:108,22,0,69
BRDA:111,23,0,2
BRDA:115,24,0,72
BRF:25
BRH:25
end_of_record
TN:
SF:lib/collections/breadcrumb-bar/breadcrumb-bar.template.ts
FN:5,template
FNF:1
FNH:1
FNDA:17,template
DA:1,1
DA:2,1
DA:3,1
DA:4,1
DA:5,1
DA:6,17
DA:7,17
DA:8,17
DA:9,17
DA:10,17
DA:11,17
DA:12,11
DA:13,11
DA:14,11
DA:15,11
DA:16,11
DA:17,5
DA:18,5
DA:19,5
DA:20,5
DA:21,5
DA:22,5
DA:23,6
DA:24,6
DA:25,6
DA:26,6
DA:27,6
DA:28,6
DA:29,6
DA:30,6
DA:31,6
DA:32,6
DA:33,11
DA:34,11
DA:35,11
DA:36,11
DA:37,11
DA:38,17
DA:39,17
DA:40,17
DA:41,17
DA:42,17
DA:43,17
DA:44,17
DA:45,17
DA:46,17
DA:47,17
LF:47
LH:47
BRDA:5,0,0,17
BRDA:11,1,0,11
BRDA:16,2,0,5
BRDA:22,3,0,6
BRDA:28,4,0,0
BRF:5
BRH:4
end_of_record
TN:
SF:lib/collections/breadcrumb-bar/breadcrumb-bar.ts
FN:12,BreadcrumbBar
FN:19,handleItemClick
FN:27,render
FNF:3
FNH:3
FNDA:11,BreadcrumbBar
FNDA:6,handleItemClick
FNDA:17,render
DA:1,1
DA:2,1
DA:3,1
DA:4,1
DA:5,1
DA:6,1
DA:7,1
DA:8,1
DA:9,1
DA:10,1
DA:11,1
DA:12,1
DA:13,11
DA:14,11
DA:15,11
DA:16,11
DA:17,11
DA:18,1
DA:19,1
DA:20,6
DA:21,6
DA:22,6
DA:23,6
DA:24,6
DA:25,6
DA:26,1
DA:27,1
DA:28,17
DA:29,17
DA:30,1
LF:30
LH:30
BRDA:12,0,0,11
BRDA:19,1,0,6
BRDA:22,2,0,1
BRDA:27,3,0,17
BRF:4
BRH:4
end_of_record
TN:
SF:lib/collections/chat-message/chat-message.template.ts
FN:8,template
FN:14,_getAvatarImageHTML
FN:24,_getAvatarAcronymHTML
FN:35,_getAvatarHTML
FNF:4
FNH:4
FNDA:51,template
FNDA:1,_getAvatarImageHTML
FNDA:3,_getAvatarAcronymHTML
FNDA:4,_getAvatarHTML
DA:1,1
DA:2,1
DA:3,1
DA:4,1
DA:5,1
DA:6,1
DA:7,1
DA:8,1
DA:9,51
DA:10,51
DA:11,51
DA:12,51
DA:13,51
DA:14,51
DA:15,1
DA:16,1
DA:17,1
DA:18,1
DA:19,1
DA:20,1
DA:21,1
DA:22,1
DA:23,51
DA:24,51
DA:25,3
DA:26,3
DA:27,3
DA:28,3
DA:29,3
DA:30,3
DA:31,3
DA:32,3
DA:33,3
DA:34,51
DA:35,51
DA:36,4
DA:37,4
DA:38,51
DA:39,51
DA:40,51
DA:41,51
DA:42,51
DA:43,51
DA:44,51
DA:45,51
DA:46,51
DA:47,51
DA:48,51
DA:49,51
DA:50,51
DA:51,51
DA:52,51
DA:53,51
DA:54,51
DA:55,51
DA:56,51
DA:57,51
DA:58,51
DA:59,51
DA:60,51
DA:61,51
LF:61
LH:61
BRDA:8,0,0,51
BRDA:42,1,0,3
BRDA:42,2,0,48
BRDA:57,3,0,1
BRDA:57,4,0,50
BRDA:14,5,0,1
BRDA:24,6,0,3
BRDA:35,7,0,4
BRDA:36,8,0,1
BRDA:36,9,0,3
BRF:10
BRH:10
end_of_record
TN:
SF:lib/collections/chat-message/chat-message.ts
FN:7,ChatMessage
FN:32,render
FNF:2
FNH:2
FNDA:27,ChatMessage
FNDA:51,render
DA:1,1
DA:2,1
DA:3,1
DA:4,1
DA:5,1
DA:6,1
DA:7,1
DA:8,27
DA:9,27
DA:10,27
DA:11,27
DA:12,27
DA:13,27
DA:14,27
DA:15,27
DA:16,27
DA:17,27
DA:18,27
DA:19,27
DA:20,27
DA:21,27
DA:22,27
DA:23,27
DA:24,27
DA:25,27
DA:26,27
DA:27,27
DA:28,27
DA:29,27
DA:30,27
DA:31,1
DA:32,1
DA:33,51
DA:34,51
DA:35,1
LF:35
LH:35
BRDA:7,0,0,27
BRDA:32,1,0,51
BRF:2
BRH:2
end_of_record
TN:
SF:lib/collections/context-menu/context-menu.template.ts
FN:11,template
FNF:1
FNH:1
FNDA:33,template
DA:1,1
DA:2,1
DA:3,1
DA:4,1
DA:5,1
DA:6,1
DA:7,1
DA:8,1
DA:9,1
DA:10,1
DA:11,1
DA:12,33
DA:13,33
DA:14,33
DA:15,33
DA:16,33
DA:17,33
DA:18,33
DA:19,33
DA:20,33
DA:21,1
DA:22,1
DA:23,1
LF:23
LH:23
BRDA:11,0,0,33
BRF:1
BRH:1
end_of_record
TN:
SF:lib/collections/context-menu/context-menu.ts
FN:52,ContextMenu
FN:41,ContextMenu._visibleObserver.IntersectionObserver.root
FN:57,connectedCallback
FN:66,_parentClickHandler
FN:70,_parentKeydownHandler
FN:76,get referenceEl
FN:80,disconnectedCallback
FN:97,_getPortalCombobox
FN:101,_toggleMenu
FN:113,_closeMenu
FN:121,_handleClick
FN:127,_handleParentKeydown
FN:138,_handleFocusout
FN:149,_handleOptionsFocusout
FN:157,_addListenerClickOutside
FN:161,_removeListenerClickOutside
FN:165,_handleClickOutside
FN:175,_enableAnimations
FN:179,_disableAnimations
FN:185,firstUpdated
FN:197,render
FNF:21
FNH:17
FNDA:19,ContextMenu
FNDA:0,ContextMenu._visibleObserver.IntersectionObserver.root
FNDA:19,connectedCallback
FNDA:0,_parentClickHandler
FNDA:0,_parentKeydownHandler
FNDA:34,get referenceEl
FNDA:19,disconnectedCallback
FNDA:5,_getPortalCombobox
FNDA:2,_toggleMenu
FNDA:7,_closeMenu
FNDA:1,_handleClick
FNDA:3,_handleParentKeydown
FNDA:2,_handleFocusout
FNDA:0,_handleOptionsFocusout
FNDA:2,_addListenerClickOutside
FNDA:28,_removeListenerClickOutside
FNDA:3,_handleClickOutside
FNDA:20,_enableAnimations
FNDA:1,_disableAnimations
FNDA:19,firstUpdated
FNDA:33,render
DA:1,1
DA:2,1
DA:3,1
DA:4,1
DA:5,1
DA:6,1
DA:7,1
DA:8,1
DA:9,1
DA:10,1
DA:11,1
DA:12,1
DA:13,1
DA:14,1
DA:15,1
DA:16,1
DA:17,1
DA:18,1
DA:19,1
DA:20,1
DA:21,1
DA:22,1
DA:23,1
DA:24,1
DA:25,1
DA:26,1
DA:27,1
DA:28,1
DA:29,1
DA:30,1
DA:31,1
DA:32,1
DA:33,1
DA:34,1
DA:35,1
DA:36,1
DA:37,1
DA:38,1
DA:39,1
DA:40,1
DA:41,1
DA:42,0
DA:43,0
DA:44,0
DA:45,0
DA:46,1
DA:47,1
DA:48,1
DA:49,1
DA:50,1
DA:51,1
DA:52,1
DA:53,19
DA:54,19
DA:55,19
DA:56,1
DA:57,1
DA:58,19
DA:59,19
DA:60,18
DA:61,19
DA:62,19
DA:63,18
DA:64,18
DA:65,18
DA:66,18
DA:67,0
DA:68,0
DA:69,18
DA:70,18
DA:71,0
DA:72,0
DA:73,18
DA:74,19
DA:75,1
DA:76,1
DA:77,34
DA:78,34
DA:79,1
DA:80,1
DA:81,19
DA:82,19
DA:83,3
DA:84,3
DA:85,19
DA:86,19
DA:87,19
DA:88,18
DA:89,18
DA:90,18
DA:91,19
DA:92,18
DA:93,18
DA:94,18
DA:95,19
DA:96,1
DA:97,1
DA:98,5
DA:99,5
DA:100,1
DA:101,1
DA:102,2
DA:103,2
DA:104,1
DA:105,1
DA:106,0
DA:107,1
DA:108,1
DA:109,1
DA:110,1
DA:111,2
DA:112,1
DA:113,1
DA:114,7
DA:115,7
DA:116,7
DA:117,0
DA:118,7
DA:119,7
DA:120,1
DA:121,1
DA:122,1
DA:123,1
DA:124,1
DA:125,1
DA:126,1
DA:127,1
DA:128,3
DA:129,3
DA:130,1
DA:131,1
DA:132,1
DA:133,1
DA:134,1
DA:135,1
DA:136,3
DA:137,1
DA:138,1
DA:139,2
DA:140,2
DA:141,2
DA:142,2
DA:143,1
DA:144,2
DA:145,1
DA:146,1
DA:147,2
DA:148,1
DA:149,1
DA:150,0
DA:151,0
DA:152,0
DA:153,0
DA:154,0
DA:155,0
DA:156,1
DA:157,1
DA:158,2
DA:159,2
DA:160,1
DA:161,1
DA:162,28
DA:163,28
DA:164,1
DA:165,1
DA:166,3
DA:167,2
DA:168,3
DA:169,3
DA:170,3
DA:171,1
DA:172,1
DA:173,3
DA:174,1
DA:175,1
DA:176,20
DA:177,20
DA:178,1
DA:179,1
DA:180,1
DA:181,1
DA:182,1
DA:183,1
DA:184,1
DA:185,1
DA:186,19
DA:187,19
DA:188,19
DA:189,19
DA:190,19
DA:191,19
DA:192,19
DA:193,0
DA:194,0
DA:195,19
DA:196,1
DA:197,1
DA:198,33
DA:199,33
DA:200,1
LF:200
LH:182
BRDA:52,0,0,19
BRDA:57,1,0,19
BRDA:59,2,0,1
BRDA:59,3,0,18
BRDA:61,4,0,17
BRDA:62,5,0,0
BRDA:62,6,0,18
BRDA:76,7,0,34
BRDA:80,8,0,19
BRDA:82,9,0,3
BRDA:87,10,0,18
BRDA:87,11,0,18
BRDA:91,12,0,18
BRDA:91,13,0,18
BRDA:97,14,0,5
BRDA:101,15,0,2
BRDA:103,16,0,1
BRDA:113,17,0,7
BRDA:121,18,0,1
BRDA:127,19,0,3
BRDA:128,20,0,1
BRDA:128,21,0,2
BRDA:129,22,0,1
BRDA:138,23,0,2
BRDA:142,24,0,1
BRDA:144,25,0,1
BRDA:144,26,0,1
BRDA:157,27,0,2
BRDA:161,28,0,28
BRDA:165,29,0,3
BRDA:166,30,0,1
BRDA:166,31,0,2
BRDA:170,32,0,1
BRDA:170,33,0,1
BRDA:175,34,0,20
BRDA:179,35,0,1
BRDA:185,36,0,19
BRDA:192,37,0,0
BRDA:197,38,0,33
BRF:39
BRH:37
end_of_record
TN:
SF:lib/collections/drawer/drawer.template.ts
FN:8,template
FNF:1
FNH:1
FNDA:27,template
DA:1,1
DA:2,1
DA:3,1
DA:4,1
DA:5,1
DA:6,1
DA:7,1
DA:8,1
DA:9,27
DA:10,27
DA:11,27
DA:12,27
DA:13,27
DA:14,27
DA:15,27
DA:16,27
DA:17,27
DA:18,27
DA:19,27
DA:20,27
DA:21,27
DA:22,27
DA:23,27
DA:24,27
DA:25,27
DA:26,27
DA:27,27
DA:28,27
DA:29,27
DA:30,27
DA:31,27
DA:32,27
DA:33,27
DA:34,27
DA:35,27
DA:36,27
LF:36
LH:36
BRDA:8,0,0,27
BRF:1
BRH:1
end_of_record
TN:
SF:lib/collections/drawer/drawer.ts
FN:34,Drawer
FN:41,_showDrawer
FN:51,_hideDrawer
FN:61,_handleClose
FN:69,_handleKeydown
FN:75,_handleOutsideClick
FN:85,_handleScroll
FN:104,connectedCallback
FN:109,disconnectedCallback
FN:118,updated
FN:134,firstUpdated
FN:150,render
FNF:12
FNH:12
FNDA:17,Drawer
FNDA:3,_showDrawer
FNDA:24,_hideDrawer
FNDA:3,_handleClose
FNDA:2,_handleKeydown
FNDA:3,_handleOutsideClick
FNDA:2,_handleScroll
FNDA:17,connectedCallback
FNDA:18,disconnectedCallback
FNDA:31,updated
FNDA:18,firstUpdated
FNDA:27,render
DA:1,1
DA:2,1
DA:3,1
DA:4,1
DA:5,1
DA:6,1
DA:7,1
DA:8,1
DA:9,1
DA:10,1
DA:11,1
DA:12,1
DA:13,1
DA:14,1
DA:15,1
DA:16,1
DA:17,1
DA:18,1
DA:19,1
DA:20,1
DA:21,1
DA:22,1
DA:23,1
DA:24,1
DA:25,1
DA:26,1
DA:27,1
DA:28,1
DA:29,1
DA:30,1
DA:31,1
DA:32,1
DA:33,1
DA:34,1
DA:35,17
DA:36,17
DA:37,17
DA:38,17
DA:39,17
DA:40,1
DA:41,1
DA:42,3
DA:43,3
DA:44,3
DA:45,3
DA:46,3
DA:47,3
DA:48,3
DA:49,3
DA:50,1
DA:51,1
DA:52,24
DA:53,24
DA:54,24
DA:55,6
DA:56,6
DA:57,24
DA:58,24
DA:59,24
DA:60,1
DA:61,1
DA:62,3
DA:63,3
DA:64,3
DA:65,3
DA:66,3
DA:67,3
DA:68,1
DA:69,1
DA:70,2
DA:71,1
DA:72,1
DA:73,2
DA:74,1
DA:75,1
DA:76,3
DA:77,2
DA:78,2
DA:79,2
DA:80,1
DA:81,1
DA:82,2
DA:83,3
DA:84,1
DA:85,1
DA:86,2
DA:87,2
DA:88,2
DA:89,2
DA:90,1
DA:91,1
DA:92,1
DA:93,1
DA:94,2
DA:95,2
DA:96,1
DA:97,1
DA:98,1
DA:99,1
DA:100,2
DA:101,2
DA:102,1
DA:103,1
DA:104,1
DA:105,17
DA:106,17
DA:107,17
DA:108,1
DA:109,1
DA:110,18
DA:111,18
DA:112,18
DA:113,17
DA:114,17
DA:115,18
DA:116,18
DA:117,1
DA:118,1
DA:119,31
DA:120,25
DA:121,3
DA:122,25
DA:123,22
DA:124,22
DA:125,25
DA:126,31
DA:127,20
DA:128,20
DA:129,2
DA:130,20
DA:131,20
DA:132,31
DA:133,1
DA:134,1
DA:135,18
DA:136,18
DA:137,18
DA:138,18
DA:139,18
DA:140,18
DA:141,18
DA:142,18
DA:143,18
DA:144,18
DA:145,1
DA:146,1
DA:147,18
DA:148,18
DA:149,1
DA:150,1
DA:151,27
DA:152,27
DA:153,1
LF:153
LH:153
BRDA:34,0,0,17
BRDA:41,1,0,3
BRDA:44,2,0,3
BRDA:51,3,0,24
BRDA:54,4,0,6
BRDA:61,5,0,3
BRDA:69,6,0,2
BRDA:70,7,0,1
BRDA:75,8,0,3
BRDA:76,9,0,2
BRDA:79,10,0,1
BRDA:85,11,0,2
BRDA:89,12,0,1
BRDA:95,13,0,1
BRDA:104,14,0,17
BRDA:109,15,0,18
BRDA:112,16,0,17
BRDA:112,17,0,17
BRDA:118,18,0,31
BRDA:119,19,0,25
BRDA:120,20,0,3
BRDA:122,21,0,22
BRDA:126,22,0,20
BRDA:127,23,0,20
BRDA:128,24,0,18
BRDA:128,25,0,2
BRDA:134,26,0,18
BRDA:144,27,0,1
BRDA:150,28,0,27
BRF:29
BRH:29
end_of_record
TN:
SF:lib/collections/footer/footer.template.ts
FN:6,template
FNF:1
FNH:1
FNDA:13,template
DA:1,1
DA:2,1
DA:3,1
DA:4,1
DA:5,1
DA:6,1
DA:7,13
DA:8,13
DA:9,13
DA:10,13
DA:11,1
DA:12,1
DA:13,1
DA:14,1
LF:14
LH:14
BRDA:6,0,0,13
BRDA:9,1,0,1
BRDA:9,2,0,12
BRF:3
BRH:3
end_of_record
TN:
SF:lib/collections/footer/footer.ts
FN:7,Footer
FN:16,render
FNF:2
FNH:2
FNDA:9,Footer
FNDA:13,render
DA:1,1
DA:2,1
DA:3,1
DA:4,1
DA:5,1
DA:6,1
DA:7,1
DA:8,9
DA:9,9
DA:10,9
DA:11,9
DA:12,9
DA:13,9
DA:14,9
DA:15,1
DA:16,1
DA:17,13
DA:18,13
DA:19,1
LF:19
LH:19
BRDA:7,0,0,9
BRDA:16,1,0,13
BRF:2
BRH:2
end_of_record
TN:
SF:lib/collections/header/header.template.ts
FN:10,headerTemplate
FNF:1
FNH:1
FNDA:50,headerTemplate
DA:1,1
DA:2,1
DA:3,1
DA:4,1
DA:5,1
DA:6,1
DA:7,1
DA:8,1
DA:9,1
DA:10,1
DA:11,50
DA:12,50
DA:13,50
DA:14,50
DA:15,50
DA:16,50
DA:17,50
DA:18,50
DA:19,50
DA:20,50
DA:21,50
DA:22,50
DA:23,50
DA:24,50
DA:25,10
DA:26,10
DA:27,10
DA:28,10
DA:29,10
DA:30,10
DA:31,10
DA:32,10
DA:33,2
DA:34,2
DA:35,2
DA:36,8
DA:37,8
DA:38,8
DA:39,10
DA:40,10
DA:41,40
DA:42,40
DA:43,40
DA:44,50
DA:45,50
DA:46,50
DA:47,50
DA:48,50
DA:49,50
DA:50,50
DA:51,50
DA:52,50
DA:53,50
DA:54,50
DA:55,50
DA:56,50
DA:57,6
DA:58,6
DA:59,6
DA:60,6
DA:61,6
DA:62,6
DA:63,6
DA:64,6
DA:65,6
DA:66,6
DA:67,6
DA:68,6
DA:69,44
DA:70,44
DA:71,50
DA:72,1
DA:73,1
DA:74,1
DA:75,1
DA:76,1
DA:77,1
DA:78,1
DA:79,1
DA:80,1
LF:80
LH:80
BRDA:10,0,0,50
BRDA:20,1,0,2
BRDA:20,2,0,48
BRDA:24,3,0,10
BRDA:32,4,0,2
BRDA:35,5,0,8
BRDA:40,6,0,40
BRDA:56,7,0,6
BRDA:68,8,0,2
BRDA:68,9,0,4
BRDA:68,10,0,44
BRF:11
BRH:11
end_of_record
TN:
SF:lib/collections/header/header.ts
FN:15,Header
FN:20,connectedCallback
FN:26,disconnectedCallback
FN:49,_propagateProperties
FN:61,_updateSlotsDivider
FN:78,_handleEndVisit
FN:86,_handleResize
FN:98,firstUpdated
FN:104,updated
FN:114,render
FNF:10
FNH:10
FNDA:22,Header
FNDA:22,connectedCallback
FNDA:23,disconnectedCallback
FNDA:23,_propagateProperties
FNDA:23,_updateSlotsDivider
FNDA:1,_handleEndVisit
FNDA:24,_handleResize
FNDA:22,firstUpdated
FNDA:52,updated
FNDA:50,render
DA:1,1
DA:2,1
DA:3,1
DA:4,1
DA:5,1
DA:6,1
DA:7,1
DA:8,1
DA:9,1
DA:10,1
DA:11,1
DA:12,1
DA:13,1
DA:14,1
DA:15,1
DA:16,22
DA:17,22
DA:18,22
DA:19,1
DA:20,1
DA:21,22
DA:22,22
DA:23,22
DA:24,22
DA:25,1
DA:26,1
DA:27,23
DA:28,23
DA:29,23
DA:30,1
DA:31,1
DA:32,1
DA:33,1
DA:34,1
DA:35,1
DA:36,1
DA:37,1
DA:38,1
DA:39,1
DA:40,1
DA:41,1
DA:42,1
DA:43,1
DA:44,1
DA:45,1
DA:46,1
DA:47,1
DA:48,1
DA:49,1
DA:50,23
DA:51,23
DA:52,23
DA:53,138
DA:54,138
DA:55,3
DA:56,138
DA:57,23
DA:58,23
DA:59,23
DA:60,1
DA:61,1
DA:62,23
DA:63,23
DA:64,23
DA:65,138
DA:66,3
DA:67,138
DA:68,138
DA:69,138
DA:70,138
DA:71,138
DA:72,138
DA:73,92
DA:74,92
DA:75,23
DA:76,23
DA:77,1
DA:78,1
DA:79,1
DA:80,1
DA:81,1
DA:82,1
DA:83,1
DA:84,1
DA:85,1
DA:86,1
DA:87,24
DA:88,2
DA:89,2
DA:90,24
DA:91,17
DA:92,17
DA:93,17
DA:94,17
DA:95,24
DA:96,24
DA:97,1
DA:98,1
DA:99,22
DA:100,22
DA:101,22
DA:102,22
DA:103,1
DA:104,1
DA:105,52
DA:106,52
DA:107,25
DA:108,25
DA:109,2
DA:110,25
DA:111,25
DA:112,52
DA:113,1
DA:114,1
DA:115,50
DA:116,50
DA:117,1
LF:117
LH:117
BRDA:15,0,0,22
BRDA:20,1,0,22
BRDA:26,2,0,23
BRDA:49,3,0,23
BRDA:52,4,0,138
BRDA:54,5,0,3
BRDA:55,6,0,2
BRDA:55,7,0,1
BRDA:61,8,0,23
BRDA:63,9,0,0
BRDA:64,10,0,138
BRDA:72,11,0,115
BRDA:72,12,0,92
BRDA:73,13,0,3
BRDA:73,14,0,89
BRDA:65,15,0,3
BRDA:66,16,0,0
BRDA:78,17,0,1
BRDA:86,18,0,24
BRDA:87,19,0,2
BRDA:90,20,0,17
BRDA:92,21,0,1
BRDA:92,22,0,16
BRDA:98,23,0,22
BRDA:104,24,0,52
BRDA:106,25,0,25
BRDA:107,26,0,25
BRDA:108,27,0,23
BRDA:108,28,0,2
BRDA:114,29,0,50
BRF:30
BRH:28
end_of_record
TN:
SF:lib/collections/header-menu-patient/header-menu-patient.template.ts
FN:14,headerMenuPatientTemplate
FNF:1
FNH:1
FNDA:32,headerMenuPatientTemplate
DA:1,1
DA:2,1
DA:3,1
DA:4,1
DA:5,1
DA:6,1
DA:7,1
DA:8,1
DA:9,1
DA:10,1
DA:11,1
DA:12,1
DA:13,1
DA:14,1
DA:15,32
DA:16,32
DA:17,32
DA:18,32
DA:19,32
DA:20,32
DA:21,32
DA:22,32
DA:23,32
DA:24,32
DA:25,32
DA:26,32
DA:27,32
DA:28,32
DA:29,32
DA:30,32
DA:31,32
DA:32,6
DA:33,6
DA:34,6
DA:35,26
DA:36,26
DA:37,26
DA:38,26
DA:39,32
DA:40,32
DA:41,32
DA:42,1
DA:43,1
DA:44,1
DA:45,1
DA:46,31
DA:47,31
DA:48,31
DA:49,31
DA:50,32
DA:51,32
DA:52,32
DA:53,3
DA:54,3
DA:55,3
DA:56,29
DA:57,29
DA:58,29
DA:59,32
DA:60,32
DA:61,32
DA:62,32
DA:63,32
DA:64,32
DA:65,32
DA:66,32
DA:67,32
DA:68,32
DA:69,32
DA:70,32
DA:71,32
DA:72,32
DA:73,32
DA:74,32
DA:75,6
DA:76,6
DA:77,6
DA:78,6
DA:79,6
DA:80,6
DA:81,6
DA:82,6
DA:83,6
DA:84,6
DA:85,6
DA:86,6
DA:87,6
DA:88,6
DA:89,6
DA:90,6
DA:91,6
DA:92,6
DA:93,6
DA:94,6
DA:95,4
DA:96,4
DA:97,4
DA:98,4
DA:99,4
DA:100,4
DA:101,4
DA:102,3
DA:103,3
DA:104,3
DA:105,3
DA:106,3
DA:107,3
DA:108,3
DA:109,3
DA:110,3
DA:111,1
DA:112,1
DA:113,4
DA:114,2
DA:115,2
DA:116,2
DA:117,2
DA:118,6
DA:119,6
DA:120,6
DA:121,6
DA:122,1
DA:123,1
DA:124,1
DA:125,1
DA:126,1
DA:127,1
DA:128,5
DA:129,5
DA:130,5
DA:131,5
DA:132,6
DA:133,6
DA:134,6
DA:135,6
DA:136,1
DA:137,1
DA:138,1
DA:139,1
DA:140,1
DA:141,5
DA:142,5
DA:143,5
DA:144,5
DA:145,6
DA:146,6
DA:147,6
DA:148,6
DA:149,1
DA:150,1
DA:151,1
DA:152,1
DA:153,1
DA:154,1
DA:155,1
DA:156,1
DA:157,0
DA:158,0
DA:159,0
DA:160,0
DA:161,0
DA:162,0
DA:163,0
DA:164,0
DA:165,1
DA:166,1
DA:167,1
DA:168,1
DA:169,1
DA:170,0
DA:171,0
DA:172,0
DA:173,0
DA:174,0
DA:175,0
DA:176,0
DA:177,0
DA:178,1
DA:179,1
DA:180,1
DA:181,5
DA:182,5
DA:183,5
DA:184,6
DA:185,6
DA:186,6
DA:187,6
DA:188,1
DA:189,1
DA:190,1
DA:191,1
DA:192,1
DA:193,1
DA:194,1
DA:195,1
DA:196,0
DA:197,0
DA:198,0
DA:199,0
DA:200,0
DA:201,0
DA:202,0
DA:203,0
DA:204,1
DA:205,1
DA:206,1
DA:207,1
DA:208,1
DA:209,0
DA:210,0
DA:211,0
DA:212,0
DA:213,0
DA:214,0
DA:215,0
DA:216,0
DA:217,1
DA:218,1
DA:219,1
DA:220,5
DA:221,5
DA:222,5
DA:223,6
DA:224,6
DA:225,6
DA:226,6
DA:227,1
DA:228,1
DA:229,1
DA:230,1
DA:231,1
DA:232,1
DA:233,0
DA:234,0
DA:235,0
DA:236,1
DA:237,1
DA:238,1
DA:239,1
DA:240,1
DA:241,1
DA:242,1
DA:243,1
DA:244,1
DA:245,1
DA:246,1
DA:247,1
DA:248,1
DA:249,5
DA:250,5
DA:251,5
DA:252,5
DA:253,6
DA:254,6
DA:255,6
DA:256,6
DA:257,6
DA:258,6
DA:259,1
DA:260,1
DA:261,1
DA:262,1
DA:263,1
DA:264,1
DA:265,1
DA:266,1
DA:267,1
DA:268,1
DA:269,1
DA:270,1
DA:271,1
DA:272,1
DA:273,5
DA:274,5
DA:275,5
DA:276,5
DA:277,6
DA:278,6
DA:279,6
DA:280,6
DA:281,1
DA:282,1
DA:283,1
DA:284,1
DA:285,1
DA:286,1
DA:287,1
DA:288,1
DA:289,1
DA:290,1
DA:291,1
DA:292,1
DA:293,1
DA:294,1
DA:295,1
DA:296,1
DA:297,1
DA:298,1
DA:299,1
DA:300,1
DA:301,0
DA:302,0
DA:303,0
DA:304,0
DA:305,1
DA:306,1
DA:307,1
DA:308,1
DA:309,1
DA:310,1
DA:311,1
DA:312,1
DA:313,1
DA:314,1
DA:315,1
DA:316,1
DA:317,1
DA:318,1
DA:319,1
DA:320,1
DA:321,0
DA:322,0
DA:323,0
DA:324,0
DA:325,1
DA:326,1
DA:327,1
DA:328,1
DA:329,1
DA:330,1
DA:331,1
DA:332,1
DA:333,1
DA:334,1
DA:335,1
DA:336,1
DA:337,1
DA:338,1
DA:339,1
DA:340,1
DA:341,0
DA:342,0
DA:343,0
DA:344,0
DA:345,1
DA:346,1
DA:347,1
DA:348,1
DA:349,1
DA:350,1
DA:351,1
DA:352,1
DA:353,1
DA:354,1
DA:355,1
DA:356,1
DA:357,1
DA:358,1
DA:359,1
DA:360,1
DA:361,1
DA:362,1
DA:363,1
DA:364,1
DA:365,1
DA:366,1
DA:367,1
DA:368,1
DA:369,1
DA:370,1
DA:371,1
DA:372,0
DA:373,0
DA:374,1
DA:375,0
DA:376,0
DA:377,0
DA:378,1
DA:379,5
DA:380,5
DA:381,5
DA:382,6
DA:383,6
DA:384,6
DA:385,6
DA:386,6
DA:387,6
DA:388,5
DA:389,5
DA:390,5
DA:391,5
DA:392,4
DA:393,4
DA:394,4
DA:395,4
DA:396,4
DA:397,4
DA:398,4
DA:399,4
DA:400,4
DA:401,4
DA:402,1
DA:403,1
DA:404,5
DA:405,5
DA:406,5
DA:407,1
DA:408,1
DA:409,1
DA:410,1
DA:411,1
DA:412,1
DA:413,1
DA:414,1
DA:415,1
DA:416,1
DA:417,1
DA:418,1
DA:419,4
DA:420,4
DA:421,5
DA:422,1
DA:423,1
DA:424,6
DA:425,26
DA:426,26
DA:427,26
DA:428,26
DA:429,32
DA:430,1
DA:431,1
LF:431
LH:379
BRDA:14,0,0,32
BRDA:31,1,0,6
BRDA:34,2,0,26
BRDA:41,3,0,1
BRDA:45,4,0,0
BRDA:45,5,0,31
BRDA:52,6,0,3
BRDA:55,7,0,29
BRDA:70,8,0,6
BRDA:70,9,0,26
BRDA:74,10,0,6
BRDA:94,11,0,4
BRDA:101,12,0,3
BRDA:110,13,0,1
BRDA:113,14,0,2
BRDA:121,15,0,1
BRDA:127,16,0,0
BRDA:127,17,0,5
BRDA:135,18,0,1
BRDA:140,19,0,5
BRDA:148,20,0,1
BRDA:156,21,0,0
BRDA:169,22,0,0
BRDA:180,23,0,5
BRDA:187,24,0,1
BRDA:195,25,0,0
BRDA:208,26,0,0
BRDA:219,27,0,5
BRDA:226,28,0,1
BRDA:232,29,0,0
BRDA:248,30,0,5
BRDA:258,31,0,1
BRDA:272,32,0,5
BRDA:280,33,0,1
BRDA:300,34,0,0
BRDA:320,35,0,0
BRDA:340,36,0,0
BRDA:371,37,0,0
BRDA:374,38,0,0
BRDA:378,39,0,5
BRDA:387,40,0,2
BRDA:387,41,0,5
BRDA:391,42,0,4
BRDA:401,43,0,1
BRDA:406,44,0,1
BRDA:418,45,0,4
BRDA:421,46,0,1
BRDA:424,47,0,26
BRF:48
BRH:36
end_of_record
TN:
SF:lib/collections/header-menu-patient/header-menu-patient.ts
FN:23,HeaderMenuPatient
FN:28,connectedCallback
FN:33,disconnectedCallback
FN:108,_toggleDropdown
FN:116,_handleCIPClick
FN:121,_handleCopyCIP
FN:135,_handlePhoneCall
FN:145,_handlePhoneChat
FN:155,_getGenderIcon
FN:160,_handleDocumentClick
FN:164,_clickedOutside
FN:189,render
FNF:12
FNH:10
FNDA:19,HeaderMenuPatient
FNDA:19,connectedCallback
FNDA:20,disconnectedCallback
FNDA:4,_toggleDropdown
FNDA:1,_handleCIPClick
FNDA:3,_handleCopyCIP
FNDA:0,_handlePhoneCall
FNDA:0,_handlePhoneChat
FNDA:3,_getGenderIcon
FNDA:1,_handleDocumentClick
FNDA:4,_clickedOutside
FNDA:32,render
DA:1,1
DA:2,1
DA:3,1
DA:4,1
DA:5,1
DA:6,1
DA:7,1
DA:8,1
DA:9,1
DA:10,1
DA:11,1
DA:12,1
DA:13,1
DA:14,1
DA:15,1
DA:16,1
DA:17,1
DA:18,1
DA:19,1
DA:20,1
DA:21,1
DA:22,1
DA:23,1
DA:24,19
DA:25,19
DA:26,19
DA:27,1
DA:28,1
DA:29,19
DA:30,19
DA:31,19
DA:32,1
DA:33,1
DA:34,20
DA:35,20
DA:36,20
DA:37,1
DA:38,1
DA:39,1
DA:40,1
DA:41,1
DA:42,1
DA:43,1
DA:44,1
DA:45,1
DA:46,1
DA:47,1
DA:48,1
DA:49,1
DA:50,1
DA:51,1
DA:52,1
DA:53,1
DA:54,1
DA:55,1
DA:56,1
DA:57,1
DA:58,1
DA:59,1
DA:60,1
DA:61,1
DA:62,1
DA:63,1
DA:64,1
DA:65,1
DA:66,1
DA:67,1
DA:68,1
DA:69,1
DA:70,1
DA:71,1
DA:72,1
DA:73,1
DA:74,1
DA:75,1
DA:76,1
DA:77,1
DA:78,1
DA:79,1
DA:80,1
DA:81,1
DA:82,1
DA:83,1
DA:84,1
DA:85,1
DA:86,1
DA:87,1
DA:88,1
DA:89,1
DA:90,1
DA:91,1
DA:92,1
DA:93,1
DA:94,1
DA:95,1
DA:96,1
DA:97,1
DA:98,1
DA:99,1
DA:100,1
DA:101,1
DA:102,1
DA:103,1
DA:104,1
DA:105,1
DA:106,1
DA:107,1
DA:108,1
DA:109,4
DA:110,4
DA:111,4
DA:112,4
DA:113,4
DA:114,4
DA:115,1
DA:116,1
DA:117,1
DA:118,1
DA:119,1
DA:120,1
DA:121,1
DA:122,3
DA:123,3
DA:124,2
DA:125,2
DA:126,2
DA:127,2
DA:128,2
DA:129,2
DA:130,2
DA:131,2
DA:132,2
DA:133,3
DA:134,1
DA:135,1
DA:136,0
DA:137,0
DA:138,0
DA:139,0
DA:140,0
DA:141,0
DA:142,0
DA:143,0
DA:144,1
DA:145,1
DA:146,0
DA:147,0
DA:148,0
DA:149,0
DA:150,0
DA:151,0
DA:152,0
DA:153,0
DA:154,1
DA:155,1
DA:156,3
DA:157,3
DA:158,3
DA:159,1
DA:160,1
DA:161,1
DA:162,1
DA:163,1
DA:164,1
DA:165,4
DA:166,4
DA:167,4
DA:168,4
DA:169,1
DA:170,1
DA:171,3
DA:172,3
DA:173,3
DA:174,3
DA:175,4
DA:176,4
DA:177,1
DA:178,1
DA:179,1
DA:180,1
DA:181,1
DA:182,1
DA:183,2
DA:184,4
DA:185,1
DA:186,1
DA:187,4
DA:188,1
DA:189,1
DA:190,32
DA:191,32
DA:192,1
LF:192
LH:176
BRDA:23,0,0,19
BRDA:28,1,0,19
BRDA:33,2,0,20
BRDA:108,3,0,4
BRDA:110,4,0,2
BRDA:110,5,0,2
BRDA:111,6,0,2
BRDA:111,7,0,2
BRDA:116,8,0,1
BRDA:121,9,0,3
BRDA:123,10,0,2
BRDA:155,11,0,3
BRDA:156,12,0,2
BRDA:156,13,0,1
BRDA:160,14,0,1
BRDA:164,15,0,4
BRDA:168,16,0,1
BRDA:170,17,0,3
BRDA:176,18,0,1
BRDA:182,19,0,2
BRDA:184,20,0,1
BRDA:189,21,0,32
BRF:22
BRH:22
end_of_record
TN:
SF:lib/collections/header-menu-professional/header-menu-professional.template.ts
FN:13,headerMenuProfessionalTemplate
FNF:1
FNH:1
FNDA:18,headerMenuProfessionalTemplate
DA:1,1
DA:2,1
DA:3,1
DA:4,1
DA:5,1
DA:6,1
DA:7,1
DA:8,1
DA:9,1
DA:10,1
DA:11,1
DA:12,1
DA:13,1
DA:14,18
DA:15,18
DA:16,18
DA:17,18
DA:18,18
DA:19,18
DA:20,18
DA:21,18
DA:22,18
DA:23,18
DA:24,18
DA:25,18
DA:26,18
DA:27,18
DA:28,18
DA:29,18
DA:30,18
DA:31,0
DA:32,0
DA:33,0
DA:34,0
DA:35,18
DA:36,18
DA:37,18
DA:38,18
DA:39,18
DA:40,18
DA:41,18
DA:42,18
DA:43,18
DA:44,18
DA:45,18
DA:46,18
DA:47,18
DA:48,18
DA:49,18
DA:50,18
DA:51,18
DA:52,18
DA:53,18
DA:54,18
DA:55,18
DA:56,18
DA:57,18
DA:58,18
DA:59,18
DA:60,18
DA:61,18
DA:62,18
DA:63,18
DA:64,18
DA:65,18
DA:66,18
DA:67,18
DA:68,18
DA:69,18
DA:70,18
DA:71,18
DA:72,18
DA:73,18
DA:74,0
DA:75,0
DA:76,0
DA:77,0
DA:78,0
DA:79,0
DA:80,0
DA:81,0
DA:82,0
DA:83,0
DA:84,18
DA:85,18
DA:86,18
DA:87,18
DA:88,18
DA:89,18
DA:90,0
DA:91,0
DA:92,0
DA:93,0
DA:94,0
DA:95,0
DA:96,0
DA:97,0
DA:98,0
DA:99,0
DA:100,18
DA:101,18
DA:102,18
DA:103,18
DA:104,18
DA:105,18
DA:106,18
DA:107,18
DA:108,18
DA:109,18
DA:110,18
DA:111,17
DA:112,17
DA:113,17
DA:114,17
DA:115,17
DA:116,17
DA:117,17
DA:118,17
DA:119,17
DA:120,17
DA:121,17
DA:122,1
DA:123,1
DA:124,18
DA:125,18
DA:126,18
DA:127,18
DA:128,18
DA:129,18
DA:130,18
DA:131,18
DA:132,18
DA:133,18
DA:134,17
DA:135,17
DA:136,17
DA:137,17
DA:138,1
DA:139,1
DA:140,1
DA:141,1
DA:142,1
DA:143,1
DA:144,1
DA:145,18
DA:146,18
DA:147,18
DA:148,18
DA:149,18
DA:150,18
DA:151,1
DA:152,1
DA:153,1
DA:154,1
DA:155,1
DA:156,1
DA:157,1
DA:158,1
DA:159,1
DA:160,1
DA:161,17
DA:162,17
DA:163,18
DA:164,18
DA:165,18
DA:166,18
DA:167,18
DA:168,18
DA:169,18
DA:170,18
DA:171,18
DA:172,18
DA:173,1
DA:174,1
DA:175,1
DA:176,1
DA:177,1
DA:178,1
DA:179,1
LF:179
LH:155
BRDA:13,0,0,18
BRDA:30,1,0,0
BRDA:49,2,0,1
BRDA:49,3,0,17
BRDA:73,4,0,0
BRDA:89,5,0,0
BRDA:110,6,0,17
BRDA:121,7,0,1
BRDA:128,8,0,1
BRDA:133,9,0,17
BRDA:137,10,0,1
BRDA:150,11,0,1
BRDA:160,12,0,17
BRF:13
BRH:10
end_of_record
TN:
SF:lib/collections/header-menu-professional/header-menu-professional.ts
FN:17,HeaderMenuProfessional
FN:22,connectedCallback
FN:27,disconnectedCallback
FN:88,_toggleDropdown
FN:100,_handlePrimaryAction
FN:105,_handleSecondaryAction
FN:110,_handleDocumentClick
FN:114,_clickedOutside
FN:142,_updatePreferencesDropdownPosition
FN:162,render
FNF:10
FNH:9
FNDA:11,HeaderMenuProfessional
FNDA:11,connectedCallback
FNDA:11,disconnectedCallback
FNDA:5,_toggleDropdown
FNDA:1,_handlePrimaryAction
FNDA:1,_handleSecondaryAction
FNDA:0,_handleDocumentClick
FNDA:3,_clickedOutside
FNDA:1,_updatePreferencesDropdownPosition
FNDA:18,render
DA:1,1
DA:2,1
DA:3,1
DA:4,1
DA:5,1
DA:6,1
DA:7,1
DA:8,1
DA:9,1
DA:10,1
DA:11,1
DA:12,1
DA:13,1
DA:14,1
DA:15,1
DA:16,1
DA:17,1
DA:18,11
DA:19,11
DA:20,11
DA:21,1
DA:22,1
DA:23,11
DA:24,11
DA:25,11
DA:26,1
DA:27,1
DA:28,11
DA:29,11
DA:30,11
DA:31,1
DA:32,1
DA:33,1
DA:34,1
DA:35,1
DA:36,1
DA:37,1
DA:38,1
DA:39,1
DA:40,1
DA:41,1
DA:42,1
DA:43,1
DA:44,1
DA:45,1
DA:46,1
DA:47,1
DA:48,1
DA:49,1
DA:50,1
DA:51,1
DA:52,1
DA:53,1
DA:54,1
DA:55,1
DA:56,1
DA:57,1
DA:58,1
DA:59,1
DA:60,1
DA:61,1
DA:62,1
DA:63,1
DA:64,1
DA:65,1
DA:66,1
DA:67,1
DA:68,1
DA:69,1
DA:70,1
DA:71,1
DA:72,1
DA:73,1
DA:74,1
DA:75,1
DA:76,1
DA:77,1
DA:78,1
DA:79,1
DA:80,1
DA:81,1
DA:82,1
DA:83,1
DA:84,1
DA:85,1
DA:86,1
DA:87,1
DA:88,1
DA:89,5
DA:90,5
DA:91,5
DA:92,5
DA:93,1
DA:94,0
DA:95,1
DA:96,1
DA:97,5
DA:98,5
DA:99,1
DA:100,1
DA:101,1
DA:102,1
DA:103,1
DA:104,1
DA:105,1
DA:106,1
DA:107,1
DA:108,1
DA:109,1
DA:110,1
DA:111,0
DA:112,0
DA:113,1
DA:114,1
DA:115,3
DA:116,3
DA:117,3
DA:118,3
DA:119,3
DA:120,3
DA:121,3
DA:122,3
DA:123,3
DA:124,2
DA:125,2
DA:126,2
DA:127,2
DA:128,3
DA:129,3
DA:130,1
DA:131,1
DA:132,1
DA:133,1
DA:134,1
DA:135,1
DA:136,1
DA:137,1
DA:138,1
DA:139,1
DA:140,3
DA:141,1
DA:142,1
DA:143,1
DA:144,1
DA:145,1
DA:146,1
DA:147,1
DA:148,1
DA:149,1
DA:150,1
DA:151,1
DA:152,1
DA:153,1
DA:154,1
DA:155,1
DA:156,1
DA:157,1
DA:158,1
DA:159,1
DA:160,1
DA:161,1
DA:162,1
DA:163,18
DA:164,18
DA:165,1
LF:165
LH:162
BRDA:17,0,0,11
BRDA:22,1,0,11
BRDA:27,2,0,11
BRDA:88,3,0,5
BRDA:90,4,0,1
BRDA:90,5,0,4
BRDA:91,6,0,1
BRDA:91,7,0,4
BRDA:92,8,0,1
BRDA:100,9,0,1
BRDA:105,10,0,1
BRDA:114,11,0,3
BRDA:120,12,0,0
BRDA:120,13,0,0
BRDA:123,14,0,1
BRDA:123,15,0,2
BRDA:129,16,0,1
BRDA:142,17,0,1
BRDA:162,18,0,18
BRF:19
BRH:17
end_of_record
TN:
SF:lib/collections/header-navigation/header-navigation.template.ts
FN:7,template
FNF:1
FNH:1
FNDA:8,template
DA:1,1
DA:2,1
DA:3,1
DA:4,1
DA:5,1
DA:6,1
DA:7,1
DA:8,8
DA:9,8
DA:10,8
DA:11,2
DA:12,2
DA:13,2
DA:14,2
DA:15,2
DA:16,2
DA:17,2
DA:18,2
DA:19,2
DA:20,2
DA:21,2
DA:22,8
DA:23,8
DA:24,8
DA:25,8
DA:26,8
DA:27,7
DA:28,7
DA:29,7
DA:30,7
DA:31,7
DA:32,7
DA:33,7
DA:34,7
DA:35,7
DA:36,7
DA:37,7
DA:38,7
DA:39,7
DA:40,1
DA:41,1
DA:42,1
DA:43,8
DA:44,8
DA:45,8
DA:46,7
DA:47,7
DA:48,7
DA:49,7
DA:50,7
DA:51,7
DA:52,7
DA:53,7
DA:54,7
DA:55,7
DA:56,7
DA:57,7
DA:58,7
DA:59,1
DA:60,1
DA:61,1
DA:62,8
DA:63,1
DA:64,1
LF:64
LH:64
BRDA:7,0,0,8
BRDA:26,1,0,7
BRDA:39,2,0,1
BRDA:45,3,0,7
BRDA:58,4,0,1
BRDA:10,5,0,2
BRDA:15,6,0,1
BRDA:15,7,0,1
BRF:8
BRH:8
end_of_record
TN:
SF:lib/collections/header-navigation/header-navigation.ts
FN:14,HeaderNavigation
FN:36,_dispatchItemAction
FN:45,_handleHelp
FN:49,_handleConfig
FN:53,render
FNF:5
FNH:5
FNDA:6,HeaderNavigation
FNDA:1,_dispatchItemAction
FNDA:1,_handleHelp
FNDA:1,_handleConfig
FNDA:8,render
DA:1,1
DA:2,1
DA:3,1
DA:4,1
DA:5,1
DA:6,1
DA:7,1
DA:8,1
DA:9,1
DA:10,1
DA:11,1
DA:12,1
DA:13,1
DA:14,1
DA:15,6
DA:16,6
DA:17,6
DA:18,6
DA:19,6
DA:20,6
DA:21,6
DA:22,6
DA:23,6
DA:24,6
DA:25,6
DA:26,6
DA:27,6
DA:28,6
DA:29,6
DA:30,6
DA:31,6
DA:32,6
DA:33,6
DA:34,1
DA:35,1
DA:36,1
DA:37,1
DA:38,1
DA:39,1
DA:40,1
DA:41,1
DA:42,1
DA:43,1
DA:44,1
DA:45,1
DA:46,1
DA:47,1
DA:48,1
DA:49,1
DA:50,1
DA:51,1
DA:52,1
DA:53,1
DA:54,8
DA:55,8
DA:56,1
LF:56
LH:56
BRDA:14,0,0,6
BRDA:36,1,0,1
BRDA:45,2,0,1
BRDA:49,3,0,1
BRDA:53,4,0,8
BRF:5
BRH:5
end_of_record
TN:
SF:lib/collections/item-list/item-list.template.ts
FN:17,itemListTemplate
FN:29,_getItemListEntries
FN:32,checkTextTruncate
FNF:3
FNH:3
FNDA:23,itemListTemplate
FNDA:8,_getItemListEntries
FNDA:2,checkTextTruncate
DA:1,1
DA:2,1
DA:3,1
DA:4,1
DA:5,1
DA:6,1
DA:7,1
DA:8,1
DA:9,1
DA:10,1
DA:11,1
DA:12,1
DA:13,1
DA:14,1
DA:15,1
DA:16,1
DA:17,1
DA:18,23
DA:19,23
DA:20,23
DA:21,23
DA:22,23
DA:23,23
DA:24,23
DA:25,23
DA:26,1
DA:27,1
DA:28,1
DA:29,1
DA:30,8
DA:31,8
DA:32,9
DA:33,2
DA:34,2
DA:35,2
DA:36,2
DA:37,9
DA:38,9
DA:39,9
DA:40,9
DA:41,9
DA:42,1
DA:43,1
DA:44,1
DA:45,1
DA:46,1
DA:47,1
DA:48,1
DA:49,1
DA:50,1
DA:51,1
DA:52,1
DA:53,1
DA:54,1
DA:55,1
DA:56,1
DA:57,1
DA:58,0
DA:59,1
DA:60,1
DA:61,8
DA:62,8
DA:63,8
DA:64,9
DA:65,9
DA:66,9
DA:67,9
DA:68,9
DA:69,1
DA:70,1
DA:71,1
DA:72,8
DA:73,8
DA:74,8
DA:75,9
DA:76,9
DA:77,9
DA:78,9
DA:79,0
DA:80,0
DA:81,0
DA:82,0
DA:83,9
DA:84,9
DA:85,9
DA:86,9
DA:87,9
DA:88,9
DA:89,9
DA:90,9
DA:91,9
DA:92,9
DA:93,9
DA:94,9
DA:95,9
DA:96,9
DA:97,9
DA:98,9
DA:99,9
DA:100,9
DA:101,9
DA:102,9
DA:103,9
DA:104,9
DA:105,9
DA:106,9
DA:107,1
DA:108,1
DA:109,8
DA:110,8
DA:111,8
DA:112,8
DA:113,2
DA:114,1
DA:115,1
DA:116,1
DA:117,1
DA:118,1
DA:119,1
DA:120,1
DA:121,1
DA:122,1
DA:123,1
DA:124,1
DA:125,1
DA:126,1
DA:127,1
DA:128,1
DA:129,1
DA:130,1
DA:131,1
DA:132,1
DA:133,6
DA:134,6
DA:135,6
DA:136,8
DA:137,8
DA:138,8
DA:139,8
DA:140,1
DA:141,1
DA:142,1
DA:143,1
DA:144,1
DA:145,1
DA:146,1
DA:147,1
DA:148,1
DA:149,7
DA:150,7
DA:151,7
DA:152,8
DA:153,8
DA:154,8
DA:155,8
DA:156,1
DA:157,1
DA:158,1
DA:159,1
DA:160,1
DA:161,1
DA:162,1
DA:163,1
DA:164,1
DA:165,1
DA:166,7
DA:167,7
DA:168,7
DA:169,8
DA:170,8
DA:171,8
DA:172,2
DA:173,2
DA:174,2
DA:175,2
DA:176,1
DA:177,1
DA:178,1
DA:179,1
DA:180,1
DA:181,1
DA:182,2
DA:183,2
DA:184,2
DA:185,1
DA:186,1
DA:187,1
DA:188,1
DA:189,1
DA:190,1
DA:191,1
DA:192,1
DA:193,2
DA:194,2
DA:195,2
DA:196,1
DA:197,1
DA:198,1
DA:199,1
DA:200,1
DA:201,1
DA:202,1
DA:203,1
DA:204,2
DA:205,2
DA:206,2
DA:207,1
DA:208,1
DA:209,1
DA:210,1
DA:211,1
DA:212,1
DA:213,1
DA:214,1
DA:215,1
DA:216,1
DA:217,2
DA:218,2
DA:219,2
DA:220,1
DA:221,1
DA:222,1
DA:223,1
DA:224,1
DA:225,1
DA:226,1
DA:227,1
DA:228,1
DA:229,1
DA:230,1
DA:231,1
DA:232,1
DA:233,1
DA:234,1
DA:235,2
DA:236,6
DA:237,6
DA:238,6
DA:239,8
DA:240,9
DA:241,9
DA:242,9
DA:243,9
DA:244,8
DA:245,8
LF:245
LH:240
BRDA:17,0,0,23
BRDA:25,1,0,8
BRDA:25,2,0,15
BRDA:29,3,0,8
BRDA:31,4,0,9
BRDA:41,5,0,2
BRDA:41,6,0,1
BRDA:57,7,0,0
BRDA:60,8,0,8
BRDA:68,9,0,2
BRDA:68,10,0,1
BRDA:71,11,0,8
BRDA:78,12,0,0
BRDA:106,13,0,1
BRDA:108,14,0,8
BRDA:112,15,0,2
BRDA:112,16,0,2
BRDA:113,17,0,1
BRDA:119,18,0,0
BRDA:120,19,0,0
BRDA:122,20,0,1
BRDA:129,21,0,0
BRDA:130,22,0,0
BRDA:132,23,0,6
BRDA:139,24,0,2
BRDA:139,25,0,1
BRDA:143,26,0,0
BRDA:148,27,0,7
BRDA:155,28,0,1
BRDA:155,29,0,1
BRDA:162,30,0,0
BRDA:165,31,0,7
BRDA:171,32,0,2
BRDA:175,33,0,1
BRDA:178,34,0,1
BRDA:184,35,0,1
BRDA:184,36,0,1
BRDA:190,37,0,1
BRDA:195,38,0,1
BRDA:200,39,0,1
BRDA:206,40,0,1
BRDA:209,41,0,0
BRDA:214,42,0,1
BRDA:219,43,0,1
BRDA:219,44,0,1
BRDA:232,45,0,1
BRDA:235,46,0,6
BRDA:32,47,0,2
BRDA:187,48,0,1
BRDA:222,49,0,1
BRF:50
BRH:41
end_of_record
TN:
SF:lib/collections/item-list/item-list.ts
FN:49,ItemList
FN:66,_dispatchItemAction
FN:75,_dispatchItemChip
FN:84,_dispatchWidgetAction
FN:93,_applyDivider
FN:121,firstUpdated
FN:126,render
FNF:7
FNH:7
FNDA:15,ItemList
FNDA:1,_dispatchItemAction
FNDA:1,_dispatchItemChip
FNDA:1,_dispatchWidgetAction
FNDA:17,_applyDivider
FNDA:15,firstUpdated
FNDA:23,render
DA:1,1
DA:2,1
DA:3,1
DA:4,1
DA:5,1
DA:6,1
DA:7,1
DA:8,1
DA:9,1
DA:10,1
DA:11,1
DA:12,1
DA:13,1
DA:14,1
DA:15,1
DA:16,1
DA:17,1
DA:18,1
DA:19,1
DA:20,1
DA:21,1
DA:22,1
DA:23,1
DA:24,1
DA:25,1
DA:26,1
DA:27,1
DA:28,1
DA:29,1
DA:30,1
DA:31,1
DA:32,1
DA:33,1
DA:34,1
DA:35,1
DA:36,1
DA:37,1
DA:38,1
DA:39,1
DA:40,1
DA:41,1
DA:42,1
DA:43,1
DA:44,1
DA:45,1
DA:46,1
DA:47,1
DA:48,1
DA:49,1
DA:50,15
DA:51,15
DA:52,15
DA:53,15
DA:54,15
DA:55,15
DA:56,15
DA:57,15
DA:58,15
DA:59,15
DA:60,15
DA:61,15
DA:62,15
DA:63,15
DA:64,1
DA:65,1
DA:66,1
DA:67,1
DA:68,1
DA:69,1
DA:70,1
DA:71,1
DA:72,1
DA:73,1
DA:74,1
DA:75,1
DA:76,1
DA:77,1
DA:78,1
DA:79,1
DA:80,1
DA:81,1
DA:82,1
DA:83,1
DA:84,1
DA:85,1
DA:86,1
DA:87,1
DA:88,1
DA:89,1
DA:90,1
DA:91,1
DA:92,1
DA:93,1
DA:94,17
DA:95,16
DA:96,17
DA:97,17
DA:98,16
DA:99,16
DA:100,16
DA:101,16
DA:102,16
DA:103,16
DA:104,16
DA:105,2
DA:106,2
DA:107,2
DA:108,2
DA:109,2
DA:110,1
DA:111,1
DA:112,1
DA:113,1
DA:114,1
DA:115,16
DA:116,16
DA:117,17
DA:118,1
DA:119,1
DA:120,1
DA:121,1
DA:122,15
DA:123,15
DA:124,15
DA:125,1
DA:126,1
DA:127,23
DA:128,23
DA:129,1
LF:129
LH:129
BRDA:49,0,0,15
BRDA:66,1,0,1
BRDA:75,2,0,1
BRDA:84,3,0,1
BRDA:93,4,0,17
BRDA:94,5,0,1
BRDA:94,6,0,1
BRDA:94,7,0,16
BRDA:97,8,0,16
BRDA:97,9,0,0
BRDA:97,10,0,16
BRDA:101,11,0,16
BRDA:104,12,0,2
BRDA:105,13,0,0
BRDA:107,14,0,0
BRDA:109,15,0,1
BRDA:121,16,0,15
BRDA:126,17,0,23
BRF:18
BRH:15
end_of_record
TN:
SF:lib/collections/item-list-base/item-list-base.template.ts
FN:15,itemListBaseTemplate
FNF:1
FNH:1
FNDA:20,itemListBaseTemplate
DA:1,1
DA:2,1
DA:3,1
DA:4,1
DA:5,1
DA:6,1
DA:7,1
DA:8,1
DA:9,1
DA:10,1
DA:11,1
DA:12,1
DA:13,1
DA:14,1
DA:15,1
DA:16,20
DA:17,20
DA:18,20
DA:19,20
DA:20,20
DA:21,20
DA:22,20
DA:23,20
DA:24,1
DA:25,19
DA:26,19
DA:27,19
DA:28,20
DA:29,20
DA:30,20
DA:31,20
DA:32,1
DA:33,1
DA:34,1
DA:35,1
DA:36,1
DA:37,1
DA:38,1
DA:39,1
DA:40,1
DA:41,1
DA:42,1
DA:43,1
DA:44,1
DA:45,1
DA:46,0
DA:47,1
DA:48,1
DA:49,19
DA:50,19
DA:51,20
DA:52,20
DA:53,20
DA:54,20
DA:55,20
DA:56,1
DA:57,1
DA:58,1
DA:59,1
DA:60,1
DA:61,0
DA:62,0
DA:63,0
DA:64,1
DA:65,1
DA:66,19
DA:67,19
DA:68,19
DA:69,19
DA:70,20
DA:71,20
DA:72,20
DA:73,20
DA:74,1
DA:75,1
DA:76,1
DA:77,1
DA:78,1
DA:79,1
DA:80,1
DA:81,1
DA:82,1
DA:83,19
DA:84,19
DA:85,20
DA:86,20
DA:87,20
DA:88,1
DA:89,1
DA:90,1
DA:91,1
DA:92,1
DA:93,1
DA:94,1
DA:95,1
DA:96,1
DA:97,0
DA:98,0
DA:99,0
DA:100,0
DA:101,0
DA:102,0
DA:103,0
DA:104,1
DA:105,1
DA:106,1
DA:107,1
DA:108,1
DA:109,1
DA:110,1
DA:111,1
DA:112,19
DA:113,19
DA:114,19
DA:115,19
DA:116,19
DA:117,19
DA:118,0
DA:119,0
DA:120,0
DA:121,0
DA:122,0
DA:123,0
DA:124,0
DA:125,19
DA:126,19
DA:127,19
DA:128,19
DA:129,19
DA:130,19
DA:131,19
DA:132,19
DA:133,20
DA:134,20
DA:135,20
DA:136,20
DA:137,20
DA:138,20
DA:139,20
DA:140,1
DA:141,1
DA:142,1
DA:143,1
DA:144,0
DA:145,0
DA:146,0
DA:147,1
DA:148,1
DA:149,1
DA:150,1
DA:151,1
DA:152,1
DA:153,19
DA:154,19
DA:155,19
DA:156,20
DA:157,1
DA:158,1
DA:159,1
DA:160,1
DA:161,1
DA:162,1
DA:163,1
LF:163
LH:142
BRDA:15,0,0,20
BRDA:23,1,0,1
BRDA:24,2,0,19
BRDA:31,3,0,1
BRDA:45,4,0,0
BRDA:48,5,0,19
BRDA:55,6,0,1
BRDA:60,7,0,0
BRDA:65,8,0,19
BRDA:73,9,0,1
BRDA:82,10,0,19
BRDA:87,11,0,1
BRDA:96,12,0,0
BRDA:111,13,0,19
BRDA:117,14,0,0
BRDA:139,15,0,1
BRDA:143,16,0,0
BRDA:152,17,0,19
BRF:18
BRH:13
end_of_record
TN:
SF:lib/collections/item-list-base/item-list-base.ts
FN:9,ItemListBase
FN:57,_checkTextTruncate
FN:63,_dispatchClickEvent
FN:76,updated
FN:86,render
FNF:5
FNH:5
FNDA:12,ItemListBase
FNDA:1,_checkTextTruncate
FNDA:1,_dispatchClickEvent
FNDA:22,updated
FNDA:20,render
DA:1,1
DA:2,1
DA:3,1
DA:4,1
DA:5,1
DA:6,1
DA:7,1
DA:8,1
DA:9,1
DA:10,12
DA:11,12
DA:12,12
DA:13,12
DA:14,12
DA:15,12
DA:16,12
DA:17,12
DA:18,12
DA:19,12
DA:20,12
DA:21,12
DA:22,12
DA:23,12
DA:24,12
DA:25,12
DA:26,12
DA:27,12
DA:28,12
DA:29,12
DA:30,12
DA:31,12
DA:32,12
DA:33,12
DA:34,12
DA:35,12
DA:36,12
DA:37,12
DA:38,12
DA:39,12
DA:40,12
DA:41,12
DA:42,12
DA:43,12
DA:44,12
DA:45,12
DA:46,12
DA:47,12
DA:48,12
DA:49,12
DA:50,12
DA:51,12
DA:52,12
DA:53,12
DA:54,1
DA:55,1
DA:56,1
DA:57,1
DA:58,1
DA:59,1
DA:60,1
DA:61,1
DA:62,1
DA:63,1
DA:64,1
DA:65,1
DA:66,1
DA:67,1
DA:68,1
DA:69,1
DA:70,1
DA:71,1
DA:72,1
DA:73,1
DA:74,1
DA:75,1
DA:76,1
DA:77,22
DA:78,22
DA:79,15
DA:80,15
DA:81,2
DA:82,15
DA:83,15
DA:84,22
DA:85,1
DA:86,1
DA:87,20
DA:88,20
DA:89,1
LF:89
LH:89
BRDA:9,0,0,12
BRDA:57,1,0,1
BRDA:63,2,0,1
BRDA:76,3,0,22
BRDA:78,4,0,15
BRDA:79,5,0,15
BRDA:80,6,0,13
BRDA:80,7,0,2
BRDA:86,8,0,20
BRF:9
BRH:9
end_of_record
TN:
SF:lib/collections/list-menu/list-menu.template.ts
FN:12,template
FNF:1
FNH:1
FNDA:53,template
DA:1,1
DA:2,1
DA:3,1
DA:4,1
DA:5,1
DA:6,1
DA:7,1
DA:8,1
DA:9,1
DA:10,1
DA:11,1
DA:12,1
DA:13,53
DA:14,53
DA:15,53
DA:16,4
DA:17,4
DA:18,4
DA:19,4
DA:20,4
DA:21,4
DA:22,4
DA:23,4
DA:24,49
DA:25,49
DA:26,49
DA:27,49
DA:28,53
DA:29,53
DA:30,53
DA:31,53
DA:32,21
DA:33,21
DA:34,21
DA:35,21
DA:36,21
DA:37,21
DA:38,21
DA:39,21
DA:40,21
DA:41,21
DA:42,21
DA:43,21
DA:44,21
DA:45,21
DA:46,21
DA:47,21
DA:48,21
DA:49,21
DA:50,21
DA:51,21
DA:52,21
DA:53,21
DA:54,21
DA:55,21
DA:56,53
DA:57,1
DA:58,1
DA:59,1
LF:59
LH:59
BRDA:12,0,0,53
BRDA:15,1,0,49
BRDA:15,2,0,4
BRDA:19,3,0,1
BRDA:19,4,0,3
BRDA:23,5,0,49
BRDA:31,6,0,21
BRDA:43,7,0,5
BRDA:43,8,0,16
BRDA:44,9,0,5
BRDA:44,10,0,16
BRDA:50,11,0,1
BRDA:50,12,0,20
BRDA:52,13,0,1
BRDA:52,14,0,20
BRDA:53,15,0,2
BRDA:53,16,0,19
BRF:17
BRH:17
end_of_record
TN:
SF:lib/collections/list-menu/list-menu.ts
FN:42,ListMenu
FN:47,connectedCallback
FN:54,disconnectedCallback
FN:62,_handleResize
FN:72,handleItemClick
FN:88,onKeyDown
FN:104,moveFocus
FN:116,_checkTextsToTruncated
FN:126,firstUpdated
FN:136,updated
FN:146,render
FNF:11
FNH:11
FNDA:17,ListMenu
FNDA:18,connectedCallback
FNDA:18,disconnectedCallback
FNDA:20,_handleResize
FNDA:5,handleItemClick
FNDA:7,onKeyDown
FNDA:7,moveFocus
FNDA:18,_checkTextsToTruncated
FNDA:17,firstUpdated
FNDA:55,updated
FNDA:53,render
DA:1,1
DA:2,1
DA:3,1
DA:4,1
DA:5,1
DA:6,1
DA:7,1
DA:8,1
DA:9,1
DA:10,1
DA:11,1
DA:12,1
DA:13,1
DA:14,1
DA:15,1
DA:16,1
DA:17,1
DA:18,1
DA:19,1
DA:20,1
DA:21,1
DA:22,1
DA:23,1
DA:24,1
DA:25,1
DA:26,1
DA:27,1
DA:28,1
DA:29,1
DA:30,1
DA:31,1
DA:32,1
DA:33,1
DA:34,1
DA:35,1
DA:36,1
DA:37,1
DA:38,1
DA:39,1
DA:40,1
DA:41,1
DA:42,1
DA:43,17
DA:44,17
DA:45,17
DA:46,1
DA:47,1
DA:48,18
DA:49,18
DA:50,18
DA:51,18
DA:52,18
DA:53,1
DA:54,1
DA:55,18
DA:56,18
DA:57,18
DA:58,18
DA:59,1
DA:60,1
DA:61,1
DA:62,1
DA:63,20
DA:64,20
DA:65,1
DA:66,1
DA:67,2
DA:68,1
DA:69,2
DA:70,20
DA:71,1
DA:72,1
DA:73,5
DA:74,5
DA:75,1
DA:76,1
DA:77,4
DA:78,4
DA:79,4
DA:80,4
DA:81,4
DA:82,4
DA:83,4
DA:84,4
DA:85,4
DA:86,5
DA:87,1
DA:88,1
DA:89,7
DA:90,1
DA:91,1
DA:92,7
DA:93,1
DA:94,1
DA:95,6
DA:96,4
DA:97,4
DA:98,4
DA:99,3
DA:100,3
DA:101,4
DA:102,7
DA:103,1
DA:104,1
DA:105,7
DA:106,7
DA:107,6
DA:108,7
DA:109,7
DA:110,7
DA:111,6
DA:112,6
DA:113,7
DA:114,7
DA:115,1
DA:116,1
DA:117,18
DA:118,18
DA:119,2
DA:120,2
DA:121,2
DA:122,2
DA:123,18
DA:124,18
DA:125,1
DA:126,1
DA:127,17
DA:128,17
DA:129,17
DA:130,17
DA:131,17
DA:132,0
DA:133,0
DA:134,17
DA:135,1
DA:136,1
DA:137,55
DA:138,55
DA:139,20
DA:140,20
DA:141,2
DA:142,20
DA:143,20
DA:144,55
DA:145,1
DA:146,1
DA:147,53
DA:148,53
DA:149,1
LF:149
LH:147
BRDA:42,0,0,17
BRDA:47,1,0,18
BRDA:54,2,0,18
BRDA:62,3,0,20
BRDA:63,4,0,18
BRDA:63,5,0,2
BRDA:64,6,0,1
BRDA:66,7,0,2
BRDA:67,8,0,1
BRDA:72,9,0,5
BRDA:74,10,0,1
BRDA:76,11,0,4
BRDA:88,12,0,7
BRDA:89,13,0,1
BRDA:92,14,0,6
BRDA:92,15,0,1
BRDA:95,16,0,5
BRDA:95,17,0,3
BRDA:95,18,0,2
BRDA:95,19,0,5
BRDA:98,20,0,3
BRDA:104,21,0,7
BRDA:105,22,0,0
BRDA:106,23,0,1
BRDA:106,24,0,6
BRDA:108,25,0,3
BRDA:109,26,0,2
BRDA:109,27,0,6
BRDA:110,28,0,1
BRDA:110,29,0,6
BRDA:112,30,0,8
BRDA:116,31,0,18
BRDA:117,32,0,0
BRDA:118,33,0,2
BRDA:126,34,0,17
BRDA:131,35,0,0
BRDA:136,36,0,55
BRDA:138,37,0,20
BRDA:139,38,0,20
BRDA:140,39,0,18
BRDA:140,40,0,2
BRDA:146,41,0,53
BRF:42
BRH:39
end_of_record
TN:
SF:lib/collections/modal/modal.template.ts
FN:10,modalTemplate
FNF:1
FNH:1
FNDA:16,modalTemplate
DA:1,1
DA:2,1
DA:3,1
DA:4,1
DA:5,1
DA:6,1
DA:7,1
DA:8,1
DA:9,1
DA:10,1
DA:11,16
DA:12,16
DA:13,16
DA:14,16
DA:15,16
DA:16,16
DA:17,16
DA:18,16
DA:19,16
DA:20,16
DA:21,16
DA:22,16
DA:23,16
DA:24,16
DA:25,16
DA:26,16
DA:27,16
DA:28,16
DA:29,16
DA:30,16
DA:31,16
DA:32,16
DA:33,16
DA:34,16
DA:35,16
DA:36,16
DA:37,16
DA:38,16
DA:39,16
DA:40,16
DA:41,16
DA:42,16
DA:43,16
DA:44,16
DA:45,16
DA:46,16
DA:47,0
DA:48,0
DA:49,16
DA:50,16
DA:51,16
DA:52,16
DA:53,16
DA:54,1
DA:55,1
DA:56,1
DA:57,1
DA:58,1
DA:59,1
DA:60,1
DA:61,15
DA:62,15
DA:63,16
DA:64,16
DA:65,16
DA:66,16
DA:67,16
DA:68,16
DA:69,16
DA:70,16
DA:71,16
DA:72,16
DA:73,16
DA:74,16
DA:75,16
DA:76,16
DA:77,16
DA:78,16
DA:79,16
DA:80,16
DA:81,16
DA:82,16
DA:83,16
DA:84,16
DA:85,16
DA:86,16
DA:87,16
LF:87
LH:85
BRDA:10,0,0,16
BRDA:46,1,0,0
BRDA:53,2,0,1
BRDA:60,3,0,15
BRDA:74,4,0,1
BRDA:74,5,0,15
BRF:6
BRH:5
end_of_record
TN:
SF:lib/collections/modal/modal.ts
FN:62,Modal
FN:22,set state
FN:26,get state
FN:50,get _headerSlot
FN:56,get _footerSlot
FN:69,connectedCallback
FN:74,disconnectedCallback
FN:83,updated
FN:93,_showDialog
FN:104,_hideDialog
FN:115,_close
FN:123,_isStatusValid
FN:127,_getStatusIcon
FN:148,_handleKeydown
FN:154,_handleOutsideClick
FN:164,fixEmptyFooter
FN:171,_handleScroll
FN:193,firstUpdated
FN:220,render
FNF:19
FNH:18
FNDA:9,Modal
FNDA:1,set state
FNDA:12,get state
FNDA:16,get _headerSlot
FNDA:25,get _footerSlot
FNDA:9,connectedCallback
FNDA:9,disconnectedCallback
FNDA:18,updated
FNDA:1,_showDialog
FNDA:14,_hideDialog
FNDA:3,_close
FNDA:18,_isStatusValid
FNDA:6,_getStatusIcon
FNDA:1,_handleKeydown
FNDA:2,_handleOutsideClick
FNDA:0,fixEmptyFooter
FNDA:2,_handleScroll
FNDA:9,firstUpdated
FNDA:16,render
DA:1,1
DA:2,1
DA:3,1
DA:4,1
DA:5,1
DA:6,1
DA:7,1
DA:8,1
DA:9,1
DA:10,1
DA:11,1
DA:12,1
DA:13,1
DA:14,1
DA:15,1
DA:16,1
DA:17,1
DA:18,1
DA:19,1
DA:20,1
DA:21,1
DA:22,1
DA:23,1
DA:24,1
DA:25,1
DA:26,1
DA:27,12
DA:28,12
DA:29,1
DA:30,1
DA:31,1
DA:32,1
DA:33,1
DA:34,1
DA:35,1
DA:36,1
DA:37,1
DA:38,1
DA:39,1
DA:40,1
DA:41,1
DA:42,1
DA:43,1
DA:44,1
DA:45,1
DA:46,1
DA:47,1
DA:48,1
DA:49,1
DA:50,1
DA:51,16
DA:52,16
DA:53,16
DA:54,16
DA:55,1
DA:56,1
DA:57,25
DA:58,25
DA:59,25
DA:60,25
DA:61,1
DA:62,1
DA:63,9
DA:64,9
DA:65,9
DA:66,9
DA:67,9
DA:68,1
DA:69,1
DA:70,9
DA:71,9
DA:72,9
DA:73,1
DA:74,1
DA:75,9
DA:76,9
DA:77,9
DA:78,0
DA:79,0
DA:80,9
DA:81,9
DA:82,1
DA:83,1
DA:84,18
DA:85,15
DA:86,2
DA:87,15
DA:88,13
DA:89,13
DA:90,15
DA:91,18
DA:92,1
DA:93,1
DA:94,1
DA:95,1
DA:96,1
DA:97,1
DA:98,1
DA:99,1
DA:100,1
DA:101,1
DA:102,1
DA:103,1
DA:104,1
DA:105,14
DA:106,14
DA:107,14
DA:108,0
DA:109,0
DA:110,0
DA:111,14
DA:112,14
DA:113,14
DA:114,1
DA:115,1
DA:116,3
DA:117,3
DA:118,3
DA:119,3
DA:120,3
DA:121,3
DA:122,1
DA:123,1
DA:124,18
DA:125,18
DA:126,1
DA:127,1
DA:128,6
DA:129,6
DA:130,6
DA:131,1
DA:132,1
DA:133,6
DA:134,1
DA:135,1
DA:136,6
DA:137,2
DA:138,2
DA:139,6
DA:140,1
DA:141,1
DA:142,6
DA:143,1
DA:144,6
DA:145,6
DA:146,6
DA:147,1
DA:148,1
DA:149,1
DA:150,1
DA:151,1
DA:152,1
DA:153,1
DA:154,1
DA:155,2
DA:156,2
DA:157,2
DA:158,2
DA:159,1
DA:160,1
DA:161,2
DA:162,2
DA:163,1
DA:164,1
DA:165,0
DA:166,0
DA:167,0
DA:168,0
DA:169,0
DA:170,1
DA:171,1
DA:172,2
DA:173,2
DA:174,2
DA:175,2
DA:176,1
DA:177,1
DA:178,1
DA:179,1
DA:180,2
DA:181,2
DA:182,1
DA:183,1
DA:184,1
DA:185,1
DA:186,2
DA:187,2
DA:188,1
DA:189,1
DA:190,1
DA:191,1
DA:192,1
DA:193,1
DA:194,9
DA:195,9
DA:196,0
DA:197,0
DA:198,9
DA:199,9
DA:200,9
DA:201,0
DA:202,0
DA:203,0
DA:204,0
DA:205,0
DA:206,0
DA:207,0
DA:208,0
DA:209,0
DA:210,0
DA:211,0
DA:212,0
DA:213,0
DA:214,0
DA:215,0
DA:216,0
DA:217,0
DA:218,9
DA:219,1
DA:220,1
DA:221,16
DA:222,16
DA:223,1
LF:223
LH:194
BRDA:62,0,0,9
BRDA:22,1,0,1
BRDA:26,2,0,12
BRDA:50,3,0,16
BRDA:51,4,0,9
BRDA:53,5,0,7
BRDA:56,6,0,25
BRDA:57,7,0,9
BRDA:59,8,0,16
BRDA:69,9,0,9
BRDA:74,10,0,9
BRDA:77,11,0,0
BRDA:77,12,0,0
BRDA:83,13,0,18
BRDA:84,14,0,15
BRDA:85,15,0,2
BRDA:87,16,0,13
BRDA:93,17,0,1
BRDA:96,18,0,1
BRDA:104,19,0,14
BRDA:115,20,0,3
BRDA:123,21,0,18
BRDA:124,22,0,17
BRDA:124,23,0,17
BRDA:124,24,0,16
BRDA:127,25,0,6
BRDA:130,26,0,1
BRDA:133,27,0,1
BRDA:136,28,0,2
BRDA:139,29,0,1
BRDA:142,30,0,1
BRDA:148,31,0,1
BRDA:154,32,0,2
BRDA:158,33,0,1
BRDA:171,34,0,2
BRDA:175,35,0,1
BRDA:181,36,0,1
BRDA:193,37,0,9
BRDA:195,38,0,0
BRDA:200,39,0,0
BRDA:200,40,0,0
BRDA:220,41,0,16
BRF:42
BRH:37
end_of_record
TN:
SF:lib/collections/module-header/module-header.template.ts
FN:4,template
FNF:1
FNH:1
FNDA:11,template
DA:1,1
DA:2,1
DA:3,1
DA:4,1
DA:5,11
DA:6,11
DA:7,11
DA:8,11
DA:9,11
DA:10,11
DA:11,11
DA:12,11
DA:13,11
DA:14,11
DA:15,11
LF:15
LH:15
BRDA:4,0,0,11
BRF:1
BRH:1
end_of_record
TN:
SF:lib/collections/module-header/module-header.ts
FN:8,ModuleHeader
FN:21,updated
FN:31,render
FNF:3
FNH:3
FNDA:7,ModuleHeader
FNDA:13,updated
FNDA:11,render
DA:1,1
DA:2,1
DA:3,1
DA:4,1
DA:5,1
DA:6,1
DA:7,1
DA:8,1
DA:9,7
DA:10,7
DA:11,7
DA:12,7
DA:13,7
DA:14,7
DA:15,7
DA:16,7
DA:17,7
DA:18,7
DA:19,7
DA:20,1
DA:21,1
DA:22,13
DA:23,13
DA:24,10
DA:25,10
DA:26,2
DA:27,10
DA:28,10
DA:29,13
DA:30,1
DA:31,1
DA:32,11
DA:33,11
DA:34,1
LF:34
LH:34
BRDA:8,0,0,7
BRDA:21,1,0,13
BRDA:23,2,0,10
BRDA:24,3,0,10
BRDA:25,4,0,8
BRDA:25,5,0,2
BRDA:31,6,0,11
BRF:7
BRH:7
end_of_record
TN:
SF:lib/collections/pagination/pagination.template.ts
FN:4,template
FNF:1
FNH:1
FNDA:51,template
DA:1,1
DA:2,1
DA:3,1
DA:4,1
DA:5,51
DA:6,51
DA:7,51
DA:8,51
DA:9,51
DA:10,51
DA:11,51
DA:12,51
DA:13,51
DA:14,51
DA:15,51
DA:16,51
DA:17,51
DA:18,51
DA:19,51
DA:20,1
DA:21,1
DA:22,1
DA:23,1
DA:24,1
DA:25,1
DA:26,1
LF:26
LH:26
BRDA:4,0,0,51
BRF:1
BRH:1
end_of_record
TN:
SF:lib/collections/pagination/pagination.ts
FN:7,Pagination
FN:24,_next
FN:31,_prev
FN:38,_emitCurrentPage
FN:48,_updateButtons
FN:91,_getButtons
FN:112,_selectItem
FN:117,firstUpdated
FN:128,willUpdate
FN:139,render
FNF:10
FNH:10
FNDA:22,Pagination
FNDA:1,_next
FNDA:1,_prev
FNDA:3,_emitCurrentPage
FNDA:51,_updateButtons
FNDA:153,_getButtons
FNDA:3,_selectItem
FNDA:21,firstUpdated
FNDA:54,willUpdate
FNDA:51,render
DA:1,1
DA:2,1
DA:3,1
DA:4,1
DA:5,1
DA:6,1
DA:7,1
DA:8,22
DA:9,22
DA:10,22
DA:11,22
DA:12,22
DA:13,22
DA:14,22
DA:15,22
DA:16,22
DA:17,22
DA:18,22
DA:19,22
DA:20,22
DA:21,22
DA:22,22
DA:23,1
DA:24,1
DA:25,1
DA:26,1
DA:27,1
DA:28,1
DA:29,1
DA:30,1
DA:31,1
DA:32,1
DA:33,1
DA:34,1
DA:35,1
DA:36,1
DA:37,1
DA:38,1
DA:39,3
DA:40,3
DA:41,3
DA:42,3
DA:43,3
DA:44,3
DA:45,3
DA:46,3
DA:47,1
DA:48,1
DA:49,51
DA:50,51
DA:51,51
DA:52,51
DA:53,51
DA:54,51
DA:55,51
DA:56,51
DA:57,51
DA:58,51
DA:59,51
DA:60,51
DA:61,51
DA:62,51
DA:63,51
DA:64,51
DA:65,9
DA:66,9
DA:67,9
DA:68,9
DA:69,42
DA:70,51
DA:71,32
DA:72,32
DA:73,32
DA:74,32
DA:75,32
DA:76,42
DA:77,51
DA:78,2
DA:79,2
DA:80,2
DA:81,2
DA:82,42
DA:83,51
DA:84,8
DA:85,8
DA:86,8
DA:87,42
DA:88,42
DA:89,51
DA:90,1
DA:91,1
DA:92,153
DA:93,153
DA:94,153
DA:95,153
DA:96,293
DA:97,293
DA:98,293
DA:99,293
DA:100,293
DA:101,293
DA:102,293
DA:103,293
DA:104,293
DA:105,293
DA:106,293
DA:107,293
DA:108,293
DA:109,153
DA:110,153
DA:111,1
DA:112,1
DA:113,3
DA:114,3
DA:115,3
DA:116,1
DA:117,1
DA:118,21
DA:119,21
DA:120,21
DA:121,21
DA:122,21
DA:123,0
DA:124,0
DA:125,0
DA:126,21
DA:127,1
DA:128,1
DA:129,54
DA:130,54
DA:131,54
DA:132,54
DA:133,25
DA:134,25
DA:135,25
DA:136,25
DA:137,54
DA:138,1
DA:139,1
DA:140,51
DA:141,51
DA:142,1
LF:142
LH:139
BRDA:7,0,0,22
BRDA:24,1,0,1
BRDA:31,2,0,1
BRDA:38,3,0,3
BRDA:48,4,0,51
BRDA:64,5,0,9
BRDA:68,6,0,42
BRDA:70,7,0,32
BRDA:70,8,0,32
BRDA:75,9,0,42
BRDA:77,10,0,10
BRDA:77,11,0,2
BRDA:81,12,0,42
BRDA:83,13,0,10
BRDA:83,14,0,8
BRDA:86,15,0,42
BRDA:91,16,0,153
BRDA:95,17,0,293
BRDA:104,18,0,1
BRDA:112,19,0,3
BRDA:117,20,0,21
BRDA:122,21,0,0
BRDA:128,22,0,54
BRDA:132,23,0,31
BRDA:132,24,0,25
BRDA:139,25,0,51
BRF:26
BRH:25
end_of_record
TN:
SF:lib/collections/popover/popover.template.ts
FN:9,popoverTemplate
FNF:1
FNH:1
FNDA:56,popoverTemplate
DA:1,1
DA:2,1
DA:3,1
DA:4,1
DA:5,1
DA:6,1
DA:7,1
DA:8,1
DA:9,1
DA:10,56
DA:11,56
DA:12,56
DA:13,56
DA:14,56
DA:15,56
DA:16,56
DA:17,56
DA:18,56
DA:19,56
DA:20,56
DA:21,56
DA:22,56
DA:23,56
DA:24,56
DA:25,56
DA:26,56
DA:27,56
DA:28,56
DA:29,56
DA:30,55
DA:31,55
DA:32,55
DA:33,55
DA:34,55
DA:35,55
DA:36,6
DA:37,6
DA:38,6
DA:39,6
DA:40,6
DA:41,6
DA:42,6
DA:43,6
DA:44,6
DA:45,6
DA:46,6
DA:47,49
DA:48,49
DA:49,55
DA:50,55
DA:51,55
DA:52,54
DA:53,54
DA:54,54
DA:55,54
DA:56,54
DA:57,54
DA:58,54
DA:59,54
DA:60,54
DA:61,1
DA:62,1
DA:63,55
DA:64,1
DA:65,1
DA:66,1
DA:67,1
DA:68,56
DA:69,56
DA:70,56
DA:71,56
DA:72,56
DA:73,56
DA:74,56
DA:75,56
DA:76,56
DA:77,56
DA:78,56
DA:79,56
DA:80,6
DA:81,50
DA:82,50
DA:83,50
DA:84,50
DA:85,50
DA:86,56
DA:87,1
DA:88,1
DA:89,1
DA:90,1
LF:90
LH:90
BRDA:9,0,0,56
BRDA:12,1,0,0
BRDA:21,2,0,0
BRDA:29,3,0,55
BRDA:35,4,0,6
BRDA:46,5,0,49
BRDA:51,6,0,54
BRDA:60,7,0,1
BRDA:63,8,0,1
BRDA:79,9,0,6
BRDA:80,10,0,50
BRF:11
BRH:9
end_of_record
TN:
SF:lib/collections/popover/popover.ts
FN:58,Popover
FN:19,Popover.callback
FN:35,Popover.visibleObserver.IntersectionObserver.root
FN:66,connectedCallback
FN:71,disconnectedCallback
FN:92,_addDropdownListener
FN:96,_removeDropdownListener
FN:100,_handleOutsideClick
FN:104,_handleConnectedCallback
FN:177,_handleAction
FN:181,_handleClose
FN:185,_checkClickOutside
FN:202,_closePopover
FN:215,_createFloatingInstance
FN:228,_parentMousedownHandler
FN:230,_parentKeydownHandler
FN:243,_updateFloatingPosition
FN:289,_popoverParentListener
FN:304,_propagatePlacement
FN:311,_checkMaxHeight
FN:329,_handleScroll
FN:333,_scrollHandler
FN:343,_removeScrollListener
FN:353,_checkPopoverScroll
FN:370,_initPopover
FN:394,firstUpdated
FN:407,updated
FN:441,_onHeightChange
FN:446,_setAccessibilityAttributes
FN:452,render
FNF:30
FNH:28
FNDA:60,Popover
FNDA:57,Popover.callback
FNDA:1,Popover.visibleObserver.IntersectionObserver.root
FNDA:41,connectedCallback
FNDA:41,disconnectedCallback
FNDA:12,_addDropdownListener
FNDA:84,_removeDropdownListener
FNDA:1,_handleOutsideClick
FNDA:43,_handleConnectedCallback
FNDA:1,_handleAction
FNDA:1,_handleClose
FNDA:5,_checkClickOutside
FNDA:4,_closePopover
FNDA:42,_createFloatingInstance
FNDA:0,_parentMousedownHandler
FNDA:3,_parentKeydownHandler
FNDA:54,_updateFloatingPosition
FNDA:1,_popoverParentListener
FNDA:49,_propagatePlacement
FNDA:8,_checkMaxHeight
FNDA:8,_handleScroll
FNDA:0,_scrollHandler
FNDA:4,_removeScrollListener
FNDA:2,_checkPopoverScroll
FNDA:41,_initPopover
FNDA:41,firstUpdated
FNDA:56,updated
FNDA:2,_onHeightChange
FNDA:41,_setAccessibilityAttributes
FNDA:56,render
DA:1,1
DA:2,1
DA:3,1
DA:4,1
DA:5,1
DA:6,1
DA:7,1
DA:8,1
DA:9,1
DA:10,1
DA:11,1
DA:12,1
DA:13,1
DA:14,1
DA:15,1
DA:16,1
DA:17,1
DA:18,1
DA:19,1
DA:20,57
DA:21,101
DA:22,101
DA:23,1
DA:24,1
DA:25,1
DA:26,1
DA:27,1
DA:28,101
DA:29,101
DA:30,57
DA:31,1
DA:32,1
DA:33,1
DA:34,1
DA:35,1
DA:36,1
DA:37,1
DA:38,1
DA:39,1
DA:40,1
DA:41,1
DA:42,1
DA:43,1
DA:44,1
DA:45,1
DA:46,1
DA:47,1
DA:48,1
DA:49,1
DA:50,1
DA:51,1
DA:52,1
DA:53,1
DA:54,1
DA:55,1
DA:56,1
DA:57,1
DA:58,1
DA:59,60
DA:60,60
DA:61,60
DA:62,1
DA:63,1
DA:64,1
DA:65,1
DA:66,1
DA:67,41
DA:68,41
DA:69,41
DA:70,1
DA:71,1
DA:72,41
DA:73,41
DA:74,41
DA:75,41
DA:76,41
DA:77,41
DA:78,41
DA:79,41
DA:80,41
DA:81,41
DA:82,41
DA:83,41
DA:84,41
DA:85,41
DA:86,41
DA:87,41
DA:88,41
DA:89,41
DA:90,41
DA:91,1
DA:92,1
DA:93,12
DA:94,12
DA:95,1
DA:96,1
DA:97,84
DA:98,84
DA:99,1
DA:100,1
DA:101,1
DA:102,1
DA:103,1
DA:104,1
DA:105,43
DA:106,0
DA:107,43
DA:108,43
DA:109,2
DA:110,43
DA:111,2
DA:112,1
DA:113,1
DA:114,1
DA:115,1
DA:116,2
DA:117,43
DA:118,1
DA:119,1
DA:120,1
DA:121,1
DA:122,1
DA:123,1
DA:124,1
DA:125,1
DA:126,1
DA:127,1
DA:128,1
DA:129,1
DA:130,1
DA:131,1
DA:132,1
DA:133,1
DA:134,1
DA:135,1
DA:136,1
DA:137,1
DA:138,1
DA:139,1
DA:140,1
DA:141,1
DA:142,1
DA:143,1
DA:144,1
DA:145,1
DA:146,1
DA:147,1
DA:148,1
DA:149,1
DA:150,1
DA:151,1
DA:152,1
DA:153,1
DA:154,1
DA:155,1
DA:156,1
DA:157,1
DA:158,1
DA:159,1
DA:160,1
DA:161,1
DA:162,1
DA:163,1
DA:164,1
DA:165,1
DA:166,1
DA:167,1
DA:168,1
DA:169,1
DA:170,1
DA:171,1
DA:172,1
DA:173,1
DA:174,1
DA:175,1
DA:176,1
DA:177,1
DA:178,1
DA:179,1
DA:180,1
DA:181,1
DA:182,1
DA:183,1
DA:184,1
DA:185,1
DA:186,5
DA:187,2
DA:188,2
DA:189,3
DA:190,5
DA:191,5
DA:192,5
DA:193,0
DA:194,0
DA:195,3
DA:196,3
DA:197,5
DA:198,3
DA:199,3
DA:200,5
DA:201,1
DA:202,1
DA:203,4
DA:204,4
DA:205,4
DA:206,4
DA:207,4
DA:208,4
DA:209,4
DA:210,4
DA:211,4
DA:212,4
DA:213,4
DA:214,1
DA:215,1
DA:216,42
DA:217,42
DA:218,42
DA:219,42
DA:220,42
DA:221,42
DA:222,42
DA:223,42
DA:224,42
DA:225,42
DA:226,42
DA:227,42
DA:228,42
DA:229,42
DA:230,42
DA:231,3
DA:232,3
DA:233,2
DA:234,3
DA:235,1
DA:236,1
DA:237,3
DA:238,42
DA:239,42
DA:240,42
DA:241,42
DA:242,1
DA:243,1
DA:244,54
DA:245,49
DA:246,49
DA:247,49
DA:248,49
DA:249,54
DA:250,54
DA:251,54
DA:252,54
DA:253,54
DA:254,54
DA:255,54
DA:256,54
DA:257,54
DA:258,54
DA:259,54
DA:260,54
DA:261,54
DA:262,54
DA:263,49
DA:264,49
DA:265,49
DA:266,49
DA:267,49
DA:268,49
DA:269,49
DA:270,49
DA:271,49
DA:272,54
DA:273,49
DA:274,49
DA:275,49
DA:276,49
DA:277,49
DA:278,49
DA:279,49
DA:280,49
DA:281,49
DA:282,49
DA:283,49
DA:284,49
DA:285,49
DA:286,49
DA:287,54
DA:288,1
DA:289,1
DA:290,1
DA:291,1
DA:292,1
DA:293,1
DA:294,1
DA:295,1
DA:296,1
DA:297,1
DA:298,1
DA:299,1
DA:300,1
DA:301,1
DA:302,1
DA:303,1
DA:304,1
DA:305,49
DA:306,49
DA:307,49
DA:308,49
DA:309,49
DA:310,1
DA:311,1
DA:312,8
DA:313,8
DA:314,8
DA:315,1
DA:316,1
DA:317,1
DA:318,1
DA:319,8
DA:320,8
DA:321,1
DA:322,1
DA:323,8
DA:324,1
DA:325,1
DA:326,1
DA:327,1
DA:328,1
DA:329,1
DA:330,8
DA:331,8
DA:332,8
DA:333,8
DA:334,8
DA:335,8
DA:336,8
DA:337,8
DA:338,1
DA:339,1
DA:340,1
DA:341,8
DA:342,1
DA:343,1
DA:344,4
DA:345,3
DA:346,3
DA:347,4
DA:348,4
DA:349,4
DA:350,4
DA:351,4
DA:352,1
DA:353,1
DA:354,2
DA:355,2
DA:356,2
DA:357,2
DA:358,1
DA:359,1
DA:360,1
DA:361,1
DA:362,2
DA:363,2
DA:364,1
DA:365,1
DA:366,1
DA:367,1
DA:368,2
DA:369,1
DA:370,1
DA:371,41
DA:372,41
DA:373,41
DA:374,41
DA:375,41
DA:376,41
DA:377,41
DA:378,41
DA:379,41
DA:380,41
DA:381,41
DA:382,41
DA:383,41
DA:384,6
DA:385,6
DA:386,6
DA:387,6
DA:388,6
DA:389,6
DA:390,6
DA:391,41
DA:392,41
DA:393,1
DA:394,1
DA:395,41
DA:396,41
DA:397,41
DA:398,41
DA:399,5
DA:400,5
DA:401,5
DA:402,41
DA:403,41
DA:404,41
DA:405,41
DA:406,1
DA:407,1
DA:408,56
DA:409,56
DA:410,0
DA:411,0
DA:412,56
DA:413,41
DA:414,41
DA:415,0
DA:416,41
DA:417,41
DA:418,56
DA:419,45
DA:420,6
DA:421,6
DA:422,6
DA:423,6
DA:424,1
DA:425,1
DA:426,1
DA:427,1
DA:428,1
DA:429,1
DA:430,45
DA:431,39
DA:432,39
DA:433,39
DA:434,0
DA:435,0
DA:436,39
DA:437,45
DA:438,56
DA:439,1
DA:440,1
DA:441,1
DA:442,2
DA:443,1
DA:444,2
DA:445,1
DA:446,1
DA:447,41
DA:448,41
DA:449,41
DA:450,41
DA:451,1
DA:452,1
DA:453,56
DA:454,56
DA:455,1
LF:455
LH:447
BRDA:58,0,0,60
BRDA:19,1,0,57
BRDA:20,2,0,101
BRDA:22,3,0,1
BRDA:35,4,0,1
BRDA:48,5,0,1
BRDA:52,6,0,1
BRDA:66,7,0,41
BRDA:71,8,0,41
BRDA:92,9,0,12
BRDA:96,10,0,84
BRDA:100,11,0,1
BRDA:104,12,0,43
BRDA:108,13,0,41
BRDA:108,14,0,2
BRDA:110,15,0,2
BRDA:110,16,0,2
BRDA:111,17,0,1
BRDA:177,18,0,1
BRDA:181,19,0,1
BRDA:185,20,0,5
BRDA:186,21,0,2
BRDA:186,22,0,2
BRDA:188,23,0,3
BRDA:190,24,0,1
BRDA:191,25,0,3
BRDA:192,26,0,0
BRDA:194,27,0,3
BRDA:197,28,0,3
BRDA:202,29,0,4
BRDA:203,30,0,4
BRDA:207,31,0,3
BRDA:215,32,0,42
BRDA:222,33,0,0
BRDA:224,34,0,42
BRDA:230,35,0,3
BRDA:232,36,0,2
BRDA:232,37,0,2
BRDA:234,38,0,1
BRDA:243,39,0,54
BRDA:244,40,0,49
BRDA:244,41,0,5
BRDA:244,42,0,49
BRDA:249,43,0,44
BRDA:249,44,0,5
BRDA:255,45,0,49
BRDA:255,46,0,0
BRDA:259,47,0,44
BRDA:259,48,0,5
BRDA:260,49,0,0
BRDA:260,50,0,49
BRDA:262,51,0,49
BRDA:272,52,0,49
BRDA:276,53,0,47
BRDA:276,54,0,2
BRDA:277,55,0,2
BRDA:277,56,0,47
BRDA:283,57,0,49
BRDA:289,58,0,1
BRDA:304,59,0,49
BRDA:311,60,0,8
BRDA:312,61,0,7
BRDA:312,62,0,1
BRDA:314,63,0,0
BRDA:314,64,0,1
BRDA:320,65,0,0
BRDA:320,66,0,1
BRDA:329,67,0,8
BRDA:331,68,0,0
BRDA:337,69,0,1
BRDA:337,70,0,1
BRDA:343,71,0,4
BRDA:344,72,0,3
BRDA:344,73,0,3
BRDA:349,74,0,3
BRDA:353,75,0,2
BRDA:357,76,0,1
BRDA:363,77,0,1
BRDA:370,78,0,41
BRDA:374,79,0,0
BRDA:382,80,0,41
BRDA:383,81,0,6
BRDA:394,82,0,41
BRDA:398,83,0,5
BRDA:407,84,0,56
BRDA:409,85,0,41
BRDA:409,86,0,0
BRDA:412,87,0,41
BRDA:418,88,0,45
BRDA:419,89,0,6
BRDA:423,90,0,1
BRDA:430,91,0,39
BRDA:433,92,0,0
BRDA:413,93,0,41
BRDA:414,94,0,0
BRDA:426,95,0,1
BRDA:441,96,0,2
BRDA:442,97,0,1
BRDA:446,98,0,41
BRDA:447,99,0,0
BRDA:452,100,0,56
BRF:101
BRH:89
end_of_record
TN:
SF:lib/collections/preset-texts/preset-texts.template.ts
FN:20,template
FNF:1
FNH:1
FNDA:65,template
DA:1,1
DA:2,1
DA:3,1
DA:4,1
DA:5,1
DA:6,1
DA:7,1
DA:8,1
DA:9,1
DA:10,1
DA:11,1
DA:12,1
DA:13,1
DA:14,1
DA:15,1
DA:16,1
DA:17,1
DA:18,1
DA:19,1
DA:20,1
DA:21,65
DA:22,65
DA:23,65
DA:24,65
DA:25,65
DA:26,65
DA:27,65
DA:28,65
DA:29,65
DA:30,65
DA:31,65
DA:32,65
DA:33,65
DA:34,65
DA:35,65
DA:36,65
DA:37,65
DA:38,65
DA:39,65
DA:40,65
DA:41,65
DA:42,65
DA:43,65
DA:44,65
DA:45,65
DA:46,65
DA:47,65
DA:48,65
DA:49,65
DA:50,65
DA:51,65
DA:52,65
DA:53,65
DA:54,65
DA:55,65
DA:56,65
DA:57,65
DA:58,65
DA:59,65
DA:60,65
DA:61,65
DA:62,65
DA:63,59
DA:64,59
DA:65,59
DA:66,59
DA:67,59
DA:68,117
DA:69,117
DA:70,117
DA:71,117
DA:72,117
DA:73,117
DA:74,117
DA:75,117
DA:76,117
DA:77,59
DA:78,59
DA:79,59
DA:80,59
DA:81,59
DA:82,59
DA:83,59
DA:84,59
DA:85,59
DA:86,59
DA:87,59
DA:88,59
DA:89,59
DA:90,0
DA:91,0
DA:92,59
DA:93,6
DA:94,6
DA:95,6
DA:96,6
DA:97,6
DA:98,6
DA:99,6
DA:100,0
DA:101,0
DA:102,0
DA:103,0
DA:104,0
DA:105,0
DA:106,0
DA:107,6
DA:108,6
DA:109,6
DA:110,6
DA:111,6
DA:112,6
DA:113,6
DA:114,6
DA:115,6
DA:116,6
DA:117,65
DA:118,65
DA:119,65
DA:120,65
DA:121,65
DA:122,65
DA:123,65
DA:124,65
DA:125,65
DA:126,65
DA:127,65
DA:128,65
DA:129,65
DA:130,65
DA:131,65
DA:132,65
DA:133,65
DA:134,65
DA:135,65
DA:136,65
DA:137,65
DA:138,65
DA:139,65
DA:140,1
DA:141,1
DA:142,1
DA:143,1
DA:144,1
DA:145,1
DA:146,1
DA:147,1
LF:147
LH:138
BRDA:20,0,0,65
BRDA:62,1,0,59
BRDA:89,2,0,0
BRDA:92,3,0,6
BRDA:99,4,0,0
BRDA:23,5,0,60
BRDA:67,6,0,117
BRDA:72,7,0,2
BRDA:72,8,0,115
BRF:9
BRH:7
end_of_record
TN:
SF:lib/collections/preset-texts/preset-texts.ts
FN:23,PresetTexts
FN:69,_handleTabChange
FN:78,_handleCancel
FN:82,_handleSelect
FN:87,_onClose
FN:94,_onSelectText
FN:102,_dispatchSelectText
FN:111,_setCategories
FN:126,_getDefaultSelectedText
FN:141,_checkScroll
FN:160,_handleScroll
FN:186,_handleSearch
FN:198,_clearFilter
FN:205,_filterItems
FN:216,firstUpdated
FN:225,updated
FN:235,disconnectedCallback
FN:241,willUpdate
FN:249,render
FNF:19
FNH:18
FNDA:28,PresetTexts
FNDA:1,_handleTabChange
FNDA:2,_handleCancel
FNDA:2,_handleSelect
FNDA:4,_onClose
FNDA:1,_onSelectText
FNDA:2,_dispatchSelectText
FNDA:54,_setCategories
FNDA:60,_getDefaultSelectedText
FNDA:27,_checkScroll
FNDA:0,_handleScroll
FNDA:2,_handleSearch
FNDA:1,_clearFilter
FNDA:72,_filterItems
FNDA:27,firstUpdated
FNDA:65,updated
FNDA:27,disconnectedCallback
FNDA:65,willUpdate
FNDA:65,render
DA:1,1
DA:2,1
DA:3,1
DA:4,1
DA:5,1
DA:6,1
DA:7,1
DA:8,1
DA:9,1
DA:10,1
DA:11,1
DA:12,1
DA:13,1
DA:14,1
DA:15,1
DA:16,1
DA:17,1
DA:18,1
DA:19,1
DA:20,1
DA:21,1
DA:22,1
DA:23,1
DA:24,28
DA:25,28
DA:26,28
DA:27,28
DA:28,28
DA:29,28
DA:30,28
DA:31,28
DA:32,28
DA:33,28
DA:34,28
DA:35,28
DA:36,28
DA:37,28
DA:38,28
DA:39,28
DA:40,28
DA:41,28
DA:42,28
DA:43,28
DA:44,28
DA:45,28
DA:46,28
DA:47,28
DA:48,28
DA:49,28
DA:50,28
DA:51,28
DA:52,28
DA:53,28
DA:54,28
DA:55,28
DA:56,28
DA:57,28
DA:58,28
DA:59,28
DA:60,28
DA:61,28
DA:62,28
DA:63,28
DA:64,28
DA:65,28
DA:66,28
DA:67,28
DA:68,28
DA:69,28
DA:70,1
DA:71,1
DA:72,1
DA:73,1
DA:74,0
DA:75,1
DA:76,1
DA:77,28
DA:78,28
DA:79,2
DA:80,2
DA:81,28
DA:82,28
DA:83,2
DA:84,2
DA:85,2
DA:86,28
DA:87,28
DA:88,4
DA:89,4
DA:90,4
DA:91,4
DA:92,4
DA:93,28
DA:94,28
DA:95,1
DA:96,1
DA:97,1
DA:98,1
DA:99,28
DA:100,28
DA:101,1
DA:102,1
DA:103,2
DA:104,2
DA:105,2
DA:106,2
DA:107,2
DA:108,2
DA:109,2
DA:110,1
DA:111,1
DA:112,54
DA:113,54
DA:114,54
DA:115,54
DA:116,54
DA:117,54
DA:118,54
DA:119,54
DA:120,54
DA:121,54
DA:122,54
DA:123,54
DA:124,54
DA:125,1
DA:126,1
DA:127,60
DA:128,60
DA:129,60
DA:130,2
DA:131,2
DA:132,2
DA:133,2
DA:134,2
DA:135,2
DA:136,2
DA:137,58
DA:138,60
DA:139,60
DA:140,1
DA:141,1
DA:142,27
DA:143,27
DA:144,27
DA:145,27
DA:146,24
DA:147,27
DA:148,0
DA:149,0
DA:150,24
DA:151,24
DA:152,24
DA:153,27
DA:154,0
DA:155,0
DA:156,24
DA:157,24
DA:158,27
DA:159,1
DA:160,1
DA:161,0
DA:162,0
DA:163,0
DA:164,0
DA:165,0
DA:166,0
DA:167,0
DA:168,0
DA:169,0
DA:170,0
DA:171,0
DA:172,0
DA:173,0
DA:174,0
DA:175,0
DA:176,0
DA:177,0
DA:178,0
DA:179,0
DA:180,0
DA:181,0
DA:182,0
DA:183,0
DA:184,0
DA:185,1
DA:186,1
DA:187,2
DA:188,2
DA:189,1
DA:190,1
DA:191,1
DA:192,1
DA:193,2
DA:194,2
DA:195,2
DA:196,2
DA:197,1
DA:198,1
DA:199,1
DA:200,1
DA:201,1
DA:202,1
DA:203,1
DA:204,1
DA:205,1
DA:206,72
DA:207,260
DA:208,260
DA:209,260
DA:210,20
DA:211,16
DA:212,260
DA:213,72
DA:214,72
DA:215,1
DA:216,1
DA:217,27
DA:218,27
DA:219,27
DA:220,27
DA:221,27
DA:222,27
DA:223,27
DA:224,1
DA:225,1
DA:226,65
DA:227,65
DA:228,27
DA:229,27
DA:230,0
DA:231,27
DA:232,27
DA:233,65
DA:234,1
DA:235,1
DA:236,27
DA:237,27
DA:238,27
DA:239,27
DA:240,1
DA:241,1
DA:242,65
DA:243,65
DA:244,27
DA:245,27
DA:246,27
DA:247,65
DA:248,1
DA:249,1
DA:250,65
DA:251,65
DA:252,1
LF:252
LH:222
BRDA:23,0,0,28
BRDA:69,1,0,1
BRDA:78,2,0,2
BRDA:82,3,0,2
BRDA:87,4,0,4
BRDA:94,5,0,1
BRDA:102,6,0,2
BRDA:111,7,0,54
BRDA:126,8,0,60
BRDA:129,9,0,2
BRDA:134,10,0,0
BRDA:136,11,0,58
BRDA:138,12,0,51
BRDA:138,13,0,7
BRDA:127,14,0,216
BRDA:131,15,0,4
BRDA:131,16,0,4
BRDA:141,17,0,27
BRDA:145,18,0,3
BRDA:145,19,0,24
BRDA:147,20,0,0
BRDA:147,21,0,0
BRDA:149,22,0,24
BRDA:153,23,0,0
BRDA:155,24,0,24
BRDA:186,25,0,2
BRDA:188,26,0,1
BRDA:198,27,0,1
BRDA:205,28,0,72
BRDA:206,29,0,260
BRDA:209,30,0,20
BRDA:210,31,0,16
BRDA:212,32,0,130
BRDA:216,33,0,27
BRDA:218,34,0,0
BRDA:225,35,0,65
BRDA:227,36,0,27
BRDA:228,37,0,27
BRDA:229,38,0,0
BRDA:235,39,0,27
BRDA:236,40,0,24
BRDA:241,41,0,65
BRDA:243,42,0,27
BRDA:249,43,0,65
BRF:44
BRH:38
end_of_record
TN:
SF:lib/collections/sidebar/sidebar.template.ts
FN:10,template
FNF:1
FNH:1
FNDA:31,template
DA:1,1
DA:2,1
DA:3,1
DA:4,1
DA:5,1
DA:6,1
DA:7,1
DA:8,1
DA:9,1
DA:10,1
DA:11,31
DA:12,31
DA:13,31
DA:14,31
DA:15,31
DA:16,31
DA:17,31
DA:18,31
DA:19,31
DA:20,31
DA:21,31
DA:22,31
DA:23,31
DA:24,31
DA:25,31
DA:26,31
DA:27,31
DA:28,31
DA:29,31
DA:30,31
DA:31,31
DA:32,31
DA:33,31
DA:34,31
DA:35,31
DA:36,31
DA:37,31
DA:38,31
DA:39,1
DA:40,1
DA:41,1
DA:42,1
DA:43,1
DA:44,1
DA:45,1
DA:46,1
LF:46
LH:46
BRDA:10,0,0,31
BRDA:19,1,0,4
BRDA:19,2,0,27
BRDA:21,3,0,4
BRDA:21,4,0,27
BRF:5
BRH:5
end_of_record
TN:
SF:lib/collections/sidebar/sidebar.ts
FN:8,Sidebar
FN:29,_toggle
FN:42,_checkTitleTruncated
FN:51,updated
FN:65,render
FNF:5
FNH:5
FNDA:23,Sidebar
FNDA:3,_toggle
FNDA:6,_checkTitleTruncated
FNDA:31,updated
FNDA:31,render
DA:1,1
DA:2,1
DA:3,1
DA:4,1
DA:5,1
DA:6,1
DA:7,1
DA:8,1
DA:9,23
DA:10,23
DA:11,23
DA:12,23
DA:13,23
DA:14,23
DA:15,23
DA:16,23
DA:17,23
DA:18,23
DA:19,23
DA:20,23
DA:21,23
DA:22,23
DA:23,23
DA:24,23
DA:25,23
DA:26,23
DA:27,23
DA:28,1
DA:29,1
DA:30,3
DA:31,3
DA:32,3
DA:33,3
DA:34,3
DA:35,3
DA:36,3
DA:37,3
DA:38,3
DA:39,1
DA:40,1
DA:41,1
DA:42,1
DA:43,6
DA:44,4
DA:45,4
DA:46,6
DA:47,6
DA:48,6
DA:49,6
DA:50,1
DA:51,1
DA:52,31
DA:53,22
DA:54,22
DA:55,3
DA:56,3
DA:57,22
DA:58,19
DA:59,19
DA:60,19
DA:61,22
DA:62,22
DA:63,31
DA:64,1
DA:65,1
DA:66,31
DA:67,31
DA:68,1
LF:68
LH:68
BRDA:8,0,0,23
BRDA:29,1,0,3
BRDA:42,2,0,6
BRDA:43,3,0,5
BRDA:43,4,0,2
BRDA:43,5,0,4
BRDA:45,6,0,1
BRDA:45,7,0,3
BRDA:46,8,0,2
BRDA:51,9,0,31
BRDA:52,10,0,22
BRDA:53,11,0,22
BRDA:54,12,0,3
BRDA:57,13,0,19
BRDA:65,14,0,31
BRF:15
BRH:15
end_of_record
TN:
SF:lib/collections/sidemenu/sidemenu.template.ts
FN:19,renderNestedMenu
FN:43,getOthersNotifications
FN:60,sidemenuTemplate
FNF:3
FNH:3
FNDA:2,renderNestedMenu
FNDA:2,getOthersNotifications
FNDA:28,sidemenuTemplate
DA:1,1
DA:2,1
DA:3,1
DA:4,1
DA:5,1
DA:6,1
DA:7,1
DA:8,1
DA:9,1
DA:10,1
DA:11,1
DA:12,1
DA:13,1
DA:14,1
DA:15,1
DA:16,1
DA:17,1
DA:18,1
DA:19,1
DA:20,2
DA:21,2
DA:22,2
DA:23,2
DA:24,2
DA:25,2
DA:26,2
DA:27,2
DA:28,2
DA:29,2
DA:30,2
DA:31,2
DA:32,2
DA:33,2
DA:34,2
DA:35,2
DA:36,2
DA:37,2
DA:38,2
DA:39,2
DA:40,2
DA:41,2
DA:42,1
DA:43,1
DA:44,2
DA:45,0
DA:46,0
DA:47,0
DA:48,0
DA:49,0
DA:50,0
DA:51,0
DA:52,0
DA:53,0
DA:54,0
DA:55,0
DA:56,0
DA:57,0
DA:58,0
DA:59,1
DA:60,1
DA:61,28
DA:62,28
DA:63,28
DA:64,28
DA:65,28
DA:66,28
DA:67,28
DA:68,28
DA:69,28
DA:70,2
DA:71,2
DA:72,2
DA:73,2
DA:74,2
DA:75,2
DA:76,2
DA:77,2
DA:78,2
DA:79,2
DA:80,2
DA:81,2
DA:82,2
DA:83,2
DA:84,2
DA:85,2
DA:86,2
DA:87,2
DA:88,2
DA:89,2
DA:90,2
DA:91,26
DA:92,26
DA:93,26
DA:94,26
DA:95,28
DA:96,28
DA:97,28
DA:98,28
DA:99,2
DA:100,2
DA:101,2
DA:102,2
DA:103,2
DA:104,2
DA:105,2
DA:106,2
DA:107,2
DA:108,2
DA:109,2
DA:110,2
DA:111,2
DA:112,2
DA:113,2
DA:114,2
DA:115,2
DA:116,2
DA:117,2
DA:118,2
DA:119,2
DA:120,2
DA:121,2
DA:122,2
DA:123,2
DA:124,2
DA:125,2
DA:126,2
DA:127,2
DA:128,2
DA:129,2
[...]
DA:687,1
DA:688,1
DA:689,1
DA:690,1
DA:691,1
DA:692,1
DA:693,1
DA:694,1
DA:695,93
DA:696,93
DA:697,1
LF:697
LH:675
BRDA:23,0,0,32
BRDA:120,1,0,1
BRDA:121,2,0,0
BRDA:30,3,0,32
BRDA:32,4,0,0
BRDA:73,5,0,32
BRDA:79,6,0,0
BRDA:84,7,0,93
BRDA:85,8,0,33
BRDA:95,9,0,39
BRDA:96,10,0,1
BRDA:98,11,0,38
BRDA:105,12,0,41
BRDA:106,13,0,0
BRDA:112,14,0,40
BRDA:113,15,0,0
BRDA:86,16,0,33
BRDA:87,17,0,1
BRDA:89,18,0,32
BRDA:99,19,0,26
BRDA:100,20,0,17
BRDA:107,21,0,31
BRDA:114,22,0,30
BRDA:124,23,0,2
BRDA:134,24,0,1
BRDA:140,25,0,0
BRDA:127,26,0,2
BRDA:128,27,0,2
BRDA:129,28,0,2
BRDA:132,29,0,1
BRDA:136,30,0,1
BRDA:146,31,0,1
BRDA:155,32,0,1
BRDA:159,33,0,1
BRDA:163,34,0,1
BRDA:164,35,0,1
BRDA:175,36,0,1
BRDA:179,37,0,5
BRDA:180,38,0,1
BRDA:186,39,0,6
BRDA:187,40,0,0
BRDA:193,41,0,83
BRDA:196,42,0,0
BRDA:198,43,0,14
BRDA:292,44,0,0
BRDA:293,45,0,0
BRDA:300,46,0,9
BRDA:300,47,0,5
BRDA:303,48,0,0
BRDA:303,49,0,0
BRDA:310,50,0,0
BRDA:310,51,0,0
BRDA:199,52,0,3
BRDA:205,53,0,1
BRDA:209,54,0,0
BRDA:212,55,0,2
BRDA:213,56,0,1
BRDA:221,57,0,2
BRDA:225,58,0,1
BRDA:228,59,0,2
BRDA:229,60,0,1
BRDA:237,61,0,2
BRDA:239,62,0,0
BRDA:243,63,0,5
BRDA:249,64,0,1
BRDA:254,65,0,2
BRDA:259,66,0,1
BRDA:264,67,0,1
BRDA:281,68,0,0
BRDA:285,69,0,4
BRDA:325,70,0,20
BRDA:327,71,0,22
BRDA:448,72,0,18
BRDA:448,73,0,4
BRDA:328,74,0,9
BRDA:331,75,0,6
BRDA:333,76,0,3
BRDA:339,77,0,3
BRDA:383,78,0,1
BRDA:388,79,0,1
BRDA:393,80,0,0
BRDA:397,81,0,1
BRDA:414,82,0,0
BRDA:425,83,0,0
BRDA:344,84,0,3
BRDA:350,85,0,1
BRDA:354,86,0,0
BRDA:357,87,0,2
BRDA:358,88,0,1
BRDA:366,89,0,1
BRDA:370,90,0,0
BRDA:373,91,0,2
BRDA:374,92,0,1
BRDA:463,93,0,1
BRDA:466,94,0,1
BRDA:475,95,0,1
BRDA:480,96,0,12
BRDA:481,97,0,4
BRDA:484,98,0,27
BRDA:485,99,0,17
BRDA:485,100,0,10
BRDA:489,101,0,2
BRDA:491,102,0,1
BRDA:491,103,0,1
BRDA:514,104,0,0
BRDA:503,105,0,1
BRDA:522,106,0,2
BRDA:523,107,0,0
BRDA:525,108,0,1
BRDA:533,109,0,4
BRDA:534,110,0,0
BRDA:539,111,0,2
BRDA:539,112,0,2
BRDA:549,113,0,3
BRDA:550,114,0,1
BRDA:550,115,0,2
BRDA:552,116,0,2
BRDA:558,117,0,9
BRDA:559,118,0,0
BRDA:562,119,0,1
BRDA:562,120,0,8
BRDA:565,121,0,1
BRDA:565,122,0,7
BRDA:567,123,0,6
BRDA:569,124,0,5
BRDA:571,125,0,1
BRDA:573,126,0,1
BRDA:578,127,0,30
BRDA:579,128,0,15
BRDA:585,129,0,8
BRDA:587,130,0,5
BRDA:587,131,0,5
BRDA:598,132,0,5
BRDA:613,133,0,29
BRDA:614,134,0,16
BRDA:614,135,0,13
BRDA:622,136,0,4
BRDA:624,137,0,3
BRDA:624,138,0,3
BRDA:636,139,0,3
BRDA:650,140,0,3
BRDA:660,141,0,2
BRDA:669,142,0,2
BRDA:670,143,0,1
BRDA:670,144,0,1
BRDA:673,145,0,1
BRDA:676,146,0,0
BRDA:680,147,0,1
BRDA:685,148,0,1
BRDA:694,149,0,93
BRF:150
BRH:123
end_of_record
TN:
SF:lib/components/toggle/toggle.template.ts
FN:5,template
FNF:1
FNH:1
FNDA:53,template
DA:1,1
DA:2,1
DA:3,1
DA:4,1
DA:5,1
DA:6,53
DA:7,53
DA:8,53
DA:9,53
DA:10,53
DA:11,53
DA:12,53
DA:13,53
DA:14,53
DA:15,53
DA:16,53
DA:17,53
DA:18,53
DA:19,53
DA:20,53
DA:21,53
DA:22,53
DA:23,53
DA:24,53
DA:25,53
DA:26,53
DA:27,53
DA:28,53
DA:29,53
DA:30,53
DA:31,53
DA:32,53
DA:33,53
DA:34,53
DA:35,53
DA:36,53
DA:37,53
DA:38,53
DA:39,53
DA:40,53
DA:41,53
DA:42,53
DA:43,53
DA:44,53
DA:45,1
DA:46,1
DA:47,1
LF:47
LH:47
BRDA:5,0,0,53
BRDA:17,1,0,4
BRDA:17,2,0,49
BRDA:24,3,0,0
BRDA:26,4,0,12
BRDA:26,5,0,41
BRDA:32,6,0,2
BRDA:32,7,0,51
BRDA:44,8,0,2
BRDA:44,9,0,51
BRF:10
BRH:9
end_of_record
TN:
SF:lib/components/toggle/toggle.ts
FN:18,Toggle
FN:12,get styles
FN:23,disconnectedCallback
FN:55,_getEffectiveId
FN:61,updated
FN:73,formDisabledCallback
FN:77,formResetCallback
FN:84,formStateRestoreCallback
FN:88,focusInput
FN:92,firstUpdated
FN:104,render
FN:108,_handleClick
FN:115,_handleKeydown
FN:121,_handleChange
FN:129,_emitChange
FN:133,focus
FNF:16
FNH:15
FNDA:29,Toggle
FNDA:1,get styles
FNDA:29,disconnectedCallback
FNDA:108,_getEffectiveId
FNDA:53,updated
FNDA:5,formDisabledCallback
FNDA:2,formResetCallback
FNDA:1,formStateRestoreCallback
FNDA:1,focusInput
FNDA:29,firstUpdated
FNDA:53,render
FNDA:6,_handleClick
FNDA:3,_handleKeydown
FNDA:5,_handleChange
FNDA:5,_emitChange
FNDA:0,focus
DA:1,1
DA:2,1
DA:3,1
DA:4,1
DA:5,1
DA:6,1
DA:7,1
DA:8,1
DA:9,1
DA:10,1
DA:11,1
DA:12,1
DA:13,1
DA:14,1
DA:15,1
DA:16,1
DA:17,1
DA:18,1
DA:19,29
DA:20,29
DA:21,29
DA:22,1
DA:23,1
DA:24,29
DA:25,29
DA:26,1
DA:27,1
DA:28,1
DA:29,1
DA:30,1
DA:31,1
DA:32,1
DA:33,1
DA:34,1
DA:35,1
DA:36,1
DA:37,1
DA:38,1
DA:39,1
DA:40,1
DA:41,1
DA:42,1
DA:43,1
DA:44,1
DA:45,1
DA:46,1
DA:47,1
DA:48,1
DA:49,1
DA:50,1
DA:51,1
DA:52,1
DA:53,1
DA:54,1
DA:55,1
DA:56,108
DA:57,108
DA:58,1
DA:59,1
DA:60,1
DA:61,1
DA:62,53
DA:63,5
DA:64,2
DA:65,2
DA:66,5
DA:67,5
DA:68,53
DA:69,36
DA:70,36
DA:71,53
DA:72,1
DA:73,1
DA:74,5
DA:75,5
DA:76,1
DA:77,1
DA:78,2
DA:79,2
DA:80,2
DA:81,2
DA:82,2
DA:83,1
DA:84,1
DA:85,1
DA:86,1
DA:87,1
DA:88,1
DA:89,1
DA:90,1
DA:91,1
DA:92,1
DA:93,29
DA:94,29
DA:95,29
DA:96,29
DA:97,29
DA:98,2
DA:99,2
DA:100,2
DA:101,2
DA:102,29
DA:103,1
DA:104,1
DA:105,53
DA:106,53
DA:107,1
DA:108,1
DA:109,6
DA:110,4
DA:111,4
DA:112,4
DA:113,6
DA:114,1
DA:115,1
DA:116,3
DA:117,2
DA:118,2
DA:119,3
DA:120,1
DA:121,1
DA:122,5
DA:123,4
DA:124,4
DA:125,5
DA:126,5
DA:127,5
DA:128,1
DA:129,1
DA:130,5
DA:131,5
DA:132,1
DA:133,1
DA:134,0
DA:135,0
DA:136,0
DA:137,0
DA:138,0
DA:139,1
LF:139
LH:134
BRDA:18,0,0,29
BRDA:12,1,0,1
BRDA:23,2,0,29
BRDA:55,3,0,108
BRDA:56,4,0,3
BRDA:56,5,0,105
BRDA:61,6,0,53
BRDA:62,7,0,40
BRDA:62,8,0,5
BRDA:63,9,0,4
BRDA:63,10,0,2
BRDA:66,11,0,1
BRDA:66,12,0,4
BRDA:68,13,0,39
BRDA:68,14,0,36
BRDA:69,15,0,7
BRDA:69,16,0,29
BRDA:73,17,0,5
BRDA:77,18,0,2
BRDA:79,19,0,0
BRDA:84,20,0,1
BRDA:85,21,0,0
BRDA:88,22,0,1
BRDA:92,23,0,29
BRDA:97,24,0,28
BRDA:97,25,0,2
BRDA:100,26,0,1
BRDA:100,27,0,1
BRDA:100,28,0,0
BRDA:104,29,0,53
BRDA:108,30,0,6
BRDA:109,31,0,5
BRDA:109,32,0,4
BRDA:109,33,0,4
BRDA:115,34,0,3
BRDA:116,35,0,2
BRDA:116,36,0,2
BRDA:121,37,0,5
BRDA:122,38,0,4
BRDA:125,39,0,1
BRDA:125,40,0,4
BRDA:125,41,0,0
BRDA:129,42,0,5
BRF:43
BRH:39
end_of_record
TN:
SF:lib/components/tooltip/tooltip.template.ts
FN:5,template
FNF:1
FNH:1
FNDA:21,template
DA:1,1
DA:2,1
DA:3,1
DA:4,1
DA:5,1
DA:6,21
DA:7,21
DA:8,21
DA:9,21
DA:10,21
DA:11,21
DA:12,21
DA:13,21
DA:14,21
DA:15,1
DA:16,1
DA:17,1
DA:18,1
LF:18
LH:18
BRDA:5,0,0,21
BRF:1
BRH:1
end_of_record
TN:
SF:lib/components/tooltip/tooltip.ts
FN:9,Tooltip
FN:89,Tooltip._onFocusIn
FN:91,Tooltip._onFocusOut
FN:93,Tooltip._onTooltipMouseEnter
FN:97,Tooltip._onMouseEnter
FN:102,Tooltip._onMouseLeave
FN:38,connectedCallback
FN:52,disconnectedCallback
FN:59,_setEventListeners
FN:68,_destroyEventListeners
FN:77,_setAccessibility
FN:114,_selfMouseEnter
FN:123,show
FN:136,_executeShow
FN:152,hide
FN:167,updateTooltip
FN:172,_updatePosition
FN:187,render
FNF:18
FNH:18
FNDA:18,Tooltip
FNDA:1,Tooltip._onFocusIn
FNDA:1,Tooltip._onFocusOut
FNDA:1,Tooltip._onTooltipMouseEnter
FNDA:1,Tooltip._onMouseEnter
FNDA:3,Tooltip._onMouseLeave
FNDA:22,connectedCallback
FNDA:19,disconnectedCallback
FNDA:22,_setEventListeners
FNDA:19,_destroyEventListeners
FNDA:24,_setAccessibility
FNDA:1,_selfMouseEnter
FNDA:6,show
FNDA:4,_executeShow
FNDA:3,hide
FNDA:1,updateTooltip
FNDA:6,_updatePosition
FNDA:21,render
DA:1,1
DA:2,1
DA:3,1
DA:4,1
DA:5,1
DA:6,1
DA:7,1
DA:8,1
DA:9,1
DA:10,18
DA:11,18
DA:12,18
DA:13,18
DA:14,18
DA:15,18
DA:16,18
DA:17,18
DA:18,18
DA:19,18
DA:20,18
DA:21,18
DA:22,18
DA:23,18
DA:24,18
DA:25,18
DA:26,18
DA:27,18
DA:28,18
DA:29,18
DA:30,18
DA:31,18
DA:32,18
DA:33,18
DA:34,18
DA:35,18
DA:36,18
DA:37,18
DA:38,18
DA:39,22
DA:40,22
DA:41,22
DA:42,22
DA:43,22
DA:44,22
DA:45,22
DA:46,22
DA:47,22
DA:48,22
DA:49,22
DA:50,22
DA:51,18
DA:52,18
DA:53,19
DA:54,19
DA:55,19
DA:56,19
DA:57,19
DA:58,18
DA:59,18
DA:60,22
DA:61,22
DA:62,22
DA:63,22
DA:64,22
DA:65,22
DA:66,22
DA:67,18
DA:68,18
DA:69,19
DA:70,19
DA:71,19
DA:72,19
DA:73,19
DA:74,19
DA:75,19
DA:76,18
DA:77,18
DA:78,24
DA:79,24
DA:80,24
DA:81,18
DA:82,18
DA:83,24
DA:84,24
DA:85,21
DA:86,21
DA:87,24
DA:88,18
DA:89,18
DA:90,18
DA:91,18
DA:92,18
DA:93,18
DA:94,1
DA:95,1
DA:96,18
DA:97,18
DA:98,1
DA:99,1
DA:100,1
DA:101,18
DA:102,18
DA:103,3
DA:104,3
DA:105,3
DA:106,2
DA:107,2
DA:108,1
DA:109,1
DA:110,1
DA:111,1
DA:112,3
DA:113,1
DA:114,1
DA:115,1
DA:116,1
DA:117,1
DA:118,1
DA:119,1
DA:120,1
DA:121,1
DA:122,1
DA:123,1
DA:124,6
DA:125,6
DA:126,1
DA:127,1
DA:128,4
DA:129,4
DA:130,4
DA:131,4
DA:132,4
DA:133,4
DA:134,6
DA:135,1
DA:136,1
DA:137,4
DA:138,4
DA:139,4
DA:140,4
DA:141,4
DA:142,4
DA:143,4
DA:144,4
DA:145,4
DA:146,4
DA:147,4
DA:148,4
DA:149,4
DA:150,4
DA:151,1
DA:152,1
DA:153,3
DA:154,3
DA:155,3
DA:156,3
DA:157,1
DA:158,1
DA:159,1
DA:160,1
DA:161,1
DA:162,1
DA:163,1
DA:164,3
DA:165,3
DA:166,1
DA:167,1
DA:168,1
DA:169,0
DA:170,1
DA:171,1
DA:172,1
DA:173,6
DA:174,5
DA:175,4
DA:176,4
DA:177,4
DA:178,4
DA:179,4
DA:180,4
DA:181,4
DA:182,4
DA:183,4
DA:184,4
DA:185,6
DA:186,1
DA:187,1
DA:188,21
DA:189,21
DA:190,1
LF:190
LH:189
BRDA:9,0,0,18
BRDA:89,1,0,1
BRDA:91,2,0,1
BRDA:93,3,0,1
BRDA:97,4,0,1
BRDA:102,5,0,3
BRDA:105,6,0,2
BRDA:105,7,0,2
BRDA:107,8,0,1
BRDA:109,9,0,1
BRDA:38,10,0,22
BRDA:42,11,0,18
BRDA:44,12,0,18
BRDA:52,13,0,19
BRDA:55,14,0,0
BRDA:59,15,0,22
BRDA:68,16,0,19
BRDA:69,17,0,17
BRDA:70,18,0,17
BRDA:71,19,0,17
BRDA:72,20,0,17
BRDA:77,21,0,24
BRDA:78,22,0,0
BRDA:80,23,0,18
BRDA:84,24,0,21
BRDA:114,25,0,1
BRDA:123,26,0,6
BRDA:124,27,0,1
BRDA:124,28,0,5
BRDA:125,29,0,1
BRDA:127,30,0,4
BRDA:131,31,0,4
BRDA:136,32,0,4
BRDA:137,33,0,0
BRDA:148,34,0,0
BRDA:143,35,0,4
BRDA:149,36,0,4
BRDA:152,37,0,3
BRDA:156,38,0,1
BRDA:167,39,0,1
BRDA:168,40,0,0
BRDA:172,41,0,6
BRDA:173,42,0,1
BRDA:173,43,0,5
BRDA:174,44,0,1
BRDA:174,45,0,4
BRDA:187,46,0,21
BRF:47
BRH:42
end_of_record
TN:
SF:lib/components/upload-file/upload-file.template.ts
FN:13,template
FNF:1
FNH:1
FNDA:15,template
DA:1,1
DA:2,1
DA:3,1
DA:4,1
DA:5,1
DA:6,1
DA:7,1
DA:8,1
DA:9,1
DA:10,1
DA:11,1
DA:12,1
DA:13,1
DA:14,15
DA:15,15
DA:16,15
DA:17,15
DA:18,15
DA:19,15
DA:20,15
DA:21,15
DA:22,15
DA:23,15
DA:24,15
DA:25,7
DA:26,7
DA:27,8
DA:28,8
DA:29,4
DA:30,4
DA:31,4
DA:32,4
DA:33,4
DA:34,4
DA:35,4
DA:36,15
DA:37,15
DA:38,15
DA:39,15
DA:40,15
DA:41,15
DA:42,15
DA:43,0
DA:44,0
DA:45,0
DA:46,15
DA:47,15
DA:48,15
DA:49,15
DA:50,15
DA:51,15
DA:52,15
DA:53,15
DA:54,15
DA:55,15
DA:56,15
DA:57,15
DA:58,7
DA:59,7
DA:60,7
DA:61,7
DA:62,7
DA:63,7
DA:64,7
DA:65,7
DA:66,7
DA:67,8
DA:68,8
DA:69,8
DA:70,8
DA:71,4
DA:72,4
DA:73,4
DA:74,4
DA:75,4
DA:76,4
DA:77,4
DA:78,4
DA:79,4
DA:80,4
DA:81,4
DA:82,8
DA:83,8
DA:84,8
DA:85,8
DA:86,8
DA:87,8
DA:88,8
DA:89,8
DA:90,8
DA:91,15
DA:92,15
DA:93,0
DA:94,0
DA:95,0
DA:96,15
DA:97,15
DA:98,15
DA:99,15
LF:99
LH:93
BRDA:13,0,0,15
BRDA:24,1,0,7
BRDA:26,2,0,8
BRDA:28,3,0,4
BRDA:31,4,0,4
BRDA:42,5,0,4
BRDA:42,6,0,0
BRDA:57,7,0,7
BRDA:66,8,0,8
BRDA:70,9,0,4
BRDA:79,10,0,4
BRDA:92,11,0,0
BRDA:30,12,0,1
BRDA:65,13,0,1
BRDA:78,14,0,1
BRDA:89,15,0,1
BRF:16
BRH:14
end_of_record
TN:
SF:lib/components/upload-file/upload-file.ts
FN:8,UploadFile
FN:31,_updateState
FN:56,_handleOpen
FN:60,_handleStop
FN:64,_handleReload
FN:68,_handleDelete
FN:72,updated
FN:80,firstUpdated
FN:85,render
FNF:9
FNH:9
FNDA:7,UploadFile
FNDA:11,_updateState
FNDA:1,_handleOpen
FNDA:1,_handleStop
FNDA:1,_handleReload
FNDA:1,_handleDelete
FNDA:15,updated
FNDA:7,firstUpdated
FNDA:15,render
DA:1,1
DA:2,1
DA:3,1
DA:4,1
DA:5,1
DA:6,1
DA:7,1
DA:8,1
DA:9,7
DA:10,7
DA:11,7
DA:12,7
DA:13,7
DA:14,7
DA:15,7
DA:16,7
DA:17,7
DA:18,7
DA:19,7
DA:20,7
DA:21,7
DA:22,7
DA:23,7
DA:24,7
DA:25,7
DA:26,7
DA:27,7
DA:28,7
DA:29,7
DA:30,7
DA:31,7
DA:32,11
DA:33,11
DA:34,7
DA:35,7
DA:36,7
DA:37,11
DA:38,2
DA:39,2
DA:40,2
DA:41,11
DA:42,2
DA:43,2
DA:44,2
DA:45,11
DA:46,11
DA:47,7
DA:48,7
DA:49,7
DA:50,7
DA:51,7
DA:52,7
DA:53,7
DA:54,7
DA:55,1
DA:56,1
DA:57,1
DA:58,1
DA:59,1
DA:60,1
DA:61,1
DA:62,1
DA:63,1
DA:64,1
DA:65,1
DA:66,1
DA:67,1
DA:68,1
DA:69,1
DA:70,1
DA:71,1
DA:72,1
DA:73,15
DA:74,11
DA:75,11
DA:76,11
DA:77,11
DA:78,15
DA:79,1
DA:80,1
DA:81,7
DA:82,7
DA:83,7
DA:84,1
DA:85,1
DA:86,15
DA:87,15
DA:88,1
LF:88
LH:88
BRDA:8,0,0,7
BRDA:31,1,0,11
BRDA:33,2,0,7
BRDA:37,3,0,2
BRDA:41,4,0,2
BRDA:56,5,0,1
BRDA:60,6,0,1
BRDA:64,7,0,1
BRDA:68,8,0,1
BRDA:72,9,0,15
BRDA:73,10,0,11
BRDA:74,11,0,11
BRDA:80,12,0,7
BRDA:85,13,0,15
BRF:14
BRH:14
end_of_record
TN:
SF:lib/utils/floating-combobox.ts
FN:50,scheduleShow
FN:59,executeShow
FN:76,hideFloating
FN:93,updateFloatingCombobox
FN:99,updateFloatingPosition
FN:124,apply
FNF:6
FNH:6
FNDA:5,scheduleShow
FNDA:6,executeShow
FNDA:4,hideFloating
FNDA:7,updateFloatingCombobox
FNDA:16,updateFloatingPosition
FNDA:21,apply
DA:1,4
DA:2,4
DA:3,4
DA:4,4
DA:5,4
DA:6,4
DA:7,4
DA:8,4
DA:9,4
DA:10,4
DA:11,4
DA:12,4
DA:13,4
DA:14,4
DA:15,4
DA:16,4
DA:17,4
DA:18,4
DA:19,4
DA:20,4
DA:21,4
DA:22,4
DA:23,4
DA:24,4
DA:25,4
DA:26,4
DA:27,4
DA:28,4
DA:29,4
DA:30,4
DA:31,4
DA:32,4
DA:33,4
DA:34,4
DA:35,4
DA:36,4
DA:37,4
DA:38,4
DA:39,4
DA:40,4
DA:41,4
DA:42,4
DA:43,4
DA:44,4
DA:45,4
DA:46,4
DA:47,4
DA:48,4
DA:49,4
DA:50,4
DA:51,5
DA:52,5
DA:53,5
DA:54,4
DA:55,5
DA:56,5
DA:57,5
DA:58,4
DA:59,4
DA:60,6
DA:61,2
DA:62,2
DA:63,6
DA:64,6
DA:65,5
DA:66,5
DA:67,6
DA:68,6
DA:69,6
DA:70,6
DA:71,6
DA:72,6
DA:73,5
DA:74,5
DA:75,4
DA:76,4
DA:77,4
DA:78,4
DA:79,4
DA:80,3
DA:81,3
DA:82,3
DA:83,2
DA:84,2
DA:85,2
DA:86,2
DA:87,2
DA:88,2
DA:89,4
DA:90,4
DA:91,4
DA:92,4
DA:93,4
DA:94,7
DA:95,6
DA:96,6
DA:97,6
DA:98,4
DA:99,16
DA:100,16
DA:101,16
DA:102,16
DA:103,16
DA:104,16
DA:105,16
DA:106,16
DA:107,16
DA:108,16
DA:109,16
DA:110,16
DA:111,16
DA:112,16
DA:113,16
DA:114,16
DA:115,16
DA:116,16
DA:117,16
DA:118,16
DA:119,16
DA:120,16
DA:121,16
DA:122,16
DA:123,16
DA:124,16
DA:125,21
DA:126,21
DA:127,21
DA:128,21
DA:129,21
DA:130,21
DA:131,21
DA:132,21
DA:133,21
DA:134,10
DA:135,19
DA:136,11
DA:137,11
DA:138,21
DA:139,16
DA:140,16
DA:141,16
DA:142,16
DA:143,16
DA:144,16
DA:145,16
DA:146,16
DA:147,16
DA:148,16
LF:148
LH:148
BRDA:50,0,0,5
BRDA:53,1,0,4
BRDA:59,2,0,6
BRDA:64,3,0,5
BRDA:64,4,0,5
BRDA:72,5,0,5
BRDA:68,6,0,6
BRDA:76,7,0,4
BRDA:89,8,0,3
BRDA:79,9,0,4
BRDA:93,10,0,7
BRDA:94,11,0,6
BRDA:95,12,0,12
BRDA:99,13,0,16
BRDA:124,14,0,21
BRDA:133,15,0,19
BRDA:60,16,0,2
BRDA:72,17,0,1
BRDA:94,18,0,1
BRDA:133,19,0,10
BRDA:80,20,0,3
BRDA:82,21,0,3
BRDA:135,22,0,11
BRF:23
BRH:23
end_of_record
TN:
SF:lib/utils/helpers.ts
FN:1,checkTextTruncate
FN:9,checkWebkitTruncate
FN:17,normalizeText
FNF:3
FNH:3
FNDA:3,checkTextTruncate
FNDA:4,checkWebkitTruncate
FNDA:125,normalizeText
DA:1,13
DA:2,3
DA:3,3
DA:4,2
DA:5,2
DA:6,2
DA:7,2
DA:8,13
DA:9,13
DA:10,4
DA:11,4
DA:12,3
DA:13,4
DA:14,4
DA:15,4
DA:16,13
DA:17,13
DA:18,125
DA:19,125
DA:20,125
DA:21,125
DA:22,125
DA:23,125
DA:24,125
DA:25,125
LF:25
LH:25
BRDA:1,0,0,3
BRDA:3,1,0,1
BRDA:3,2,0,2
BRDA:9,3,0,4
BRDA:11,4,0,1
BRDA:11,5,0,3
BRDA:13,6,0,2
BRDA:17,7,0,125
BRF:8
BRH:8
end_of_record
TN:
SF:lib/utils/keyboard-navigation.ts
FN:4,moveFocusToTarget
FN:10,moveFocusToPreviousTarget
FN:26,moveFocusToNextTarget
FN:43,onKeyboardEnter
FN:51,getNextFocusable
FNF:5
FNH:5
FNDA:6,moveFocusToTarget
FNDA:2,moveFocusToPreviousTarget
FNDA:2,moveFocusToNextTarget
FNDA:1,onKeyboardEnter
FNDA:3,getNextFocusable
DA:1,2
DA:2,2
DA:3,2
DA:4,2
DA:5,6
DA:6,5
DA:7,5
DA:8,6
DA:9,2
DA:10,2
DA:11,2
DA:12,2
DA:13,2
DA:14,2
DA:15,1
DA:16,1
DA:17,1
DA:18,3
DA:19,1
DA:20,1
DA:21,1
DA:22,1
DA:23,1
DA:24,2
DA:25,2
DA:26,2
DA:27,2
DA:28,2
DA:29,2
DA:30,2
DA:31,2
DA:32,1
DA:33,1
DA:34,1
DA:35,3
DA:36,1
DA:37,1
DA:38,1
DA:39,1
DA:40,1
DA:41,2
DA:42,2
DA:43,2
DA:44,1
DA:45,1
DA:46,1
DA:47,1
DA:48,1
DA:49,1
DA:50,2
DA:51,2
DA:52,3
DA:53,2
DA:54,2
DA:55,2
DA:56,2
DA:57,2
DA:58,2
DA:59,2
DA:60,2
DA:61,2
DA:62,2
DA:63,2
DA:64,2
DA:65,2
DA:66,2
DA:67,2
LF:67
LH:67
BRDA:4,0,0,6
BRDA:5,1,0,5
BRDA:10,2,0,2
BRDA:14,3,0,1
BRDA:17,4,0,3
BRDA:18,5,0,1
BRDA:26,6,0,2
BRDA:31,7,0,1
BRDA:34,8,0,3
BRDA:35,9,0,1
BRDA:43,10,0,1
BRDA:51,11,0,3
BRDA:52,12,0,1
BRDA:52,13,0,2
BRF:14
BRH:14
end_of_record
TN:
SF:lib/utils/lazy-loading.ts
FN:1,lazyLoading
FN:8,IntersectionObserver.rootMargin
FNF:2
FNH:2
FNDA:146,lazyLoading
FNDA:71,IntersectionObserver.rootMargin
DA:1,3
DA:2,146
DA:3,1
DA:4,1
DA:5,1
DA:6,145
DA:7,145
DA:8,145
DA:9,71
DA:10,63
DA:11,63
DA:12,63
DA:13,71
DA:14,145
DA:15,145
DA:16,145
DA:17,145
DA:18,145
DA:19,145
DA:20,145
DA:21,145
LF:21
LH:21
BRDA:1,0,0,146
BRDA:5,1,0,145
BRDA:2,2,0,1
BRDA:8,3,0,71
BRDA:9,4,0,63
BRF:5
BRH:5
end_of_record
TN:
SF:lib/utils/mask.ts
FN:1,deleteSeparatorMask
FN:19,applyMask
FNF:2
FNH:2
FNDA:4,deleteSeparatorMask
FNDA:7,applyMask
DA:1,2
DA:2,4
DA:3,4
DA:4,4
DA:5,4
DA:6,3
DA:7,3
DA:8,3
DA:9,3
DA:10,2
DA:11,2
DA:12,2
DA:13,2
DA:14,3
DA:15,2
DA:16,2
DA:17,2
DA:18,2
DA:19,2
DA:20,7
DA:21,7
DA:22,7
DA:23,7
DA:24,7
DA:25,7
DA:26,5
DA:27,5
DA:28,7
DA:29,4
DA:30,4
DA:31,4
DA:32,4
DA:33,4
DA:34,4
DA:35,7
DA:36,7
DA:37,2
DA:38,2
DA:39,2
DA:40,2
DA:41,4
DA:42,7
DA:43,3
DA:44,3
DA:45,2
DA:46,2
DA:47,2
DA:48,2
DA:49,2
DA:50,7
DA:51,7
DA:52,5
DA:53,5
DA:54,7
DA:55,7
DA:56,2
DA:57,2
DA:58,3
DA:59,4
DA:60,4
DA:61,4
LF:61
LH:61
BRDA:1,0,0,4
BRDA:3,1,0,3
BRDA:3,2,0,1
BRDA:5,3,0,3
BRDA:5,4,0,3
BRDA:9,5,0,2
BRDA:14,6,0,2
BRDA:19,7,0,7
BRDA:25,8,0,6
BRDA:25,9,0,2
BRDA:25,10,0,5
BRDA:28,11,0,1
BRDA:28,12,0,4
BRDA:35,13,0,2
BRDA:35,14,0,2
BRDA:36,15,0,2
BRDA:40,16,0,4
BRDA:42,17,0,3
BRDA:44,18,0,2
BRDA:49,19,0,7
BRDA:51,20,0,5
BRDA:58,21,0,4
BRF:22
BRH:22
end_of_record
TN:
SF:lib/utils/property-types.ts
FN:6,fromAttribute
FN:7,toAttribute
FN:12,fromAttribute
FN:17,toAttribute
FN:23,fromAttribute
FN:28,toAttribute
FN:35,fromAttribute
FN:78,toAttribute
FNF:8
FNH:8
FNDA:71,fromAttribute
FNDA:2,toAttribute
FNDA:6,fromAttribute
FNDA:1699,toAttribute
FNDA:3,fromAttribute
FNDA:1,toAttribute
FNDA:5,fromAttribute
FNDA:1,toAttribute
DA:1,61
DA:2,61
DA:3,61
DA:4,61
DA:5,61
DA:6,61
DA:7,61
DA:8,61
DA:9,61
DA:10,61
DA:11,61
DA:12,61
DA:13,6
DA:14,6
DA:15,4
DA:16,6
DA:17,61
DA:18,61
DA:19,61
DA:20,61
DA:21,61
DA:22,61
DA:23,61
DA:24,3
DA:25,2
DA:26,3
DA:27,3
DA:28,61
DA:29,61
DA:30,61
DA:31,61
DA:32,61
DA:33,61
DA:34,61
DA:35,61
DA:36,5
DA:37,4
DA:38,4
DA:39,4
DA:40,4
DA:41,5
DA:42,5
DA:43,1
DA:44,1
DA:45,1
DA:46,5
DA:47,1
DA:48,1
DA:49,1
DA:50,1
DA:51,1
DA:52,1
DA:53,1
DA:54,1
DA:55,1
DA:56,5
DA:57,3
DA:58,0
DA:59,0
DA:60,3
DA:61,3
DA:62,3
DA:63,3
DA:64,3
DA:65,1
DA:66,1
DA:67,1
DA:68,3
DA:69,3
DA:70,3
DA:71,3
DA:72,0
DA:73,0
DA:74,3
DA:75,3
DA:76,1
DA:77,5
DA:78,61
DA:79,61
DA:80,61
DA:81,61
DA:82,61
DA:83,61
DA:84,61
DA:85,61
DA:86,61
DA:87,61
LF:87
LH:83
BRDA:6,0,0,71
BRDA:6,1,0,71
BRDA:7,2,0,2
BRDA:7,3,0,2
BRDA:7,4,0,2
BRDA:12,5,0,6
BRDA:13,6,0,1
BRDA:13,7,0,5
BRDA:14,8,0,4
BRDA:17,9,0,1699
BRDA:17,10,0,1699
BRDA:17,11,0,1699
BRDA:23,12,0,3
BRDA:24,13,0,1
BRDA:24,14,0,2
BRDA:26,15,0,1
BRDA:26,16,0,1
BRDA:26,17,0,1
BRDA:28,18,0,1
BRDA:35,19,0,5
BRDA:36,20,0,1
BRDA:36,21,0,4
BRDA:41,22,0,2
BRDA:41,23,0,1
BRDA:42,24,0,1
BRDA:46,25,0,1
BRDA:56,26,0,3
BRDA:57,27,0,0
BRDA:64,28,0,1
BRDA:41,29,0,2
BRDA:67,30,0,3
BRDA:71,31,0,0
BRDA:78,32,0,1
BRDA:14,33,0,1
BRF:34
BRH:32
end_of_record
TN:
SF:lib/utils/sorting.ts
FN:2,compareNumbers
FN:8,compareDates
FN:14,compareStrings
FN:20,sort
FN:43,parseDate
FNF:5
FNH:5
FNDA:8,compareNumbers
FNDA:5,compareDates
FNDA:6,compareStrings
FNDA:12,sort
FNDA:10,parseDate
DA:1,2
DA:2,8
DA:3,8
DA:4,8
DA:5,8
DA:6,8
DA:7,2
DA:8,5
DA:9,5
DA:10,5
DA:11,5
DA:12,5
DA:13,2
DA:14,6
DA:15,6
DA:16,6
DA:17,6
DA:18,6
DA:19,2
DA:20,2
DA:21,12
DA:22,12
DA:23,12
DA:24,12
DA:25,12
DA:26,12
DA:27,12
DA:28,20
DA:29,20
DA:30,8
DA:31,20
DA:32,5
DA:33,5
DA:34,5
DA:35,20
DA:36,6
DA:37,20
DA:38,1
DA:39,20
DA:40,12
DA:41,12
DA:42,2
DA:43,10
DA:44,10
DA:45,10
DA:46,10
DA:47,6
DA:48,6
DA:49,6
DA:50,6
DA:51,10
DA:52,3
DA:53,3
DA:54,3
DA:55,3
DA:56,3
DA:57,10
DA:58,2
DA:59,2
DA:60,2
DA:61,1
DA:62,1
DA:63,1
DA:64,10
DA:65,10
LF:65
LH:65
BRDA:2,0,0,8
BRDA:3,1,0,2
BRDA:4,2,0,1
BRDA:5,3,0,2
BRDA:5,4,0,6
BRDA:8,5,0,5
BRDA:9,6,0,0
BRDA:10,7,0,2
BRDA:11,8,0,4
BRDA:11,9,0,1
BRDA:14,10,0,6
BRDA:15,11,0,0
BRDA:16,12,0,0
BRDA:17,13,0,3
BRDA:17,14,0,3
BRDA:20,15,0,12
BRDA:27,16,0,20
BRDA:29,17,0,8
BRDA:31,18,0,5
BRDA:35,19,0,6
BRDA:37,20,0,1
BRDA:39,21,0,0
BRDA:43,22,0,10
BRDA:44,23,0,1
BRDA:44,24,0,9
BRDA:45,25,0,2
BRDA:45,26,0,7
BRDA:46,27,0,1
BRDA:46,28,0,6
BRDA:51,29,0,3
BRDA:53,30,0,0
BRDA:54,31,0,3
BRDA:57,32,0,2
BRDA:60,33,0,1
BRDA:64,34,0,0
BRF:35
BRH:29
end_of_record
